[ 2017-09-25T17:06:25+08:00 ] 112.65.138.202 /yiban/topic/
INFO: [ app_begin ] --START--
INFO: ReadHtmlCache Behavior ::run [ RunTime:0.000290s ]
INFO: [ app_begin ] --END-- [ RunTime:0.000354s ]
NOTIC: [8] Undefined index: uid /webdata/yiban/topic/app/Lib/Action/CommonAction.class.php 第 18 行.
NOTIC: [8192] mysql_connect(): The mysql extension is deprecated and will be removed in the future: use mysqli or PDO instead /webdata/ThinkPHP_3_1_3/Lib/Driver/Db/DbMysql.class.php 第 55 行.
NOTIC: [2] mysql_connect(): Headers and client library minor version mismatch. Headers:50552 Library:50635 /webdata/ThinkPHP_3_1_3/Lib/Driver/Db/DbMysql.class.php 第 55 行.
SQL: SHOW COLUMNS FROM `user` [ RunTime:0.001027s ]
NOTIC: [8] Undefined index: uid /webdata/yiban/topic/app/Lib/Action/CommonAction.class.php 第 18 行.
NOTIC: [8192] preg_replace(): The /e modifier is deprecated, use preg_replace_callback instead /webdata/ThinkPHP_3_1_3/Lib/Core/Db.class.php 第 605 行.
SQL: SELECT * FROM `user` WHERE ( `uid` = 0 ) LIMIT 1   [ RunTime:0.000263s ]
INFO: [ view_parse ] --START--
NOTIC: [8192] preg_replace(): The /e modifier is deprecated, use preg_replace_callback instead /webdata/ThinkPHP_3_1_3/Lib/Template/ThinkTemplate.class.php 第 273 行.
NOTIC: [8192] preg_replace(): The /e modifier is deprecated, use preg_replace_callback instead /webdata/ThinkPHP_3_1_3/Lib/Template/ThinkTemplate.class.php 第 273 行.
NOTIC: [8192] preg_replace(): The /e modifier is deprecated, use preg_replace_callback instead /webdata/ThinkPHP_3_1_3/Lib/Template/ThinkTemplate.class.php 第 273 行.
NOTIC: [8192] preg_replace(): The /e modifier is deprecated, use preg_replace_callback instead /webdata/ThinkPHP_3_1_3/Lib/Template/ThinkTemplate.class.php 第 273 行.
NOTIC: [8192] preg_replace(): The /e modifier is deprecated, use preg_replace_callback instead /webdata/ThinkPHP_3_1_3/Lib/Template/ThinkTemplate.class.php 第 273 行.
NOTIC: [8192] preg_replace(): The /e modifier is deprecated, use preg_replace_callback instead /webdata/ThinkPHP_3_1_3/Lib/Template/ThinkTemplate.class.php 第 273 行.
NOTIC: [8192] preg_replace(): The /e modifier is deprecated, use preg_replace_callback instead /webdata/ThinkPHP_3_1_3/Lib/Template/ThinkTemplate.class.php 第 273 行.
NOTIC: [8192] preg_replace(): The /e modifier is deprecated, use preg_replace_callback instead /webdata/ThinkPHP_3_1_3/Lib/Template/ThinkTemplate.class.php 第 273 行.
NOTIC: [8192] preg_replace(): The /e modifier is deprecated, use preg_replace_callback instead /webdata/ThinkPHP_3_1_3/Lib/Template/ThinkTemplate.class.php 第 273 行.
NOTIC: [8192] preg_replace(): The /e modifier is deprecated, use preg_replace_callback instead /webdata/ThinkPHP_3_1_3/Lib/Template/ThinkTemplate.class.php 第 273 行.
NOTIC: [8192] preg_replace(): The /e modifier is deprecated, use preg_replace_callback instead /webdata/ThinkPHP_3_1_3/Lib/Template/ThinkTemplate.class.php 第 273 行.
NOTIC: [8192] preg_replace(): The /e modifier is deprecated, use preg_replace_callback instead /webdata/ThinkPHP_3_1_3/Lib/Template/ThinkTemplate.class.php 第 273 行.
NOTIC: [8192] preg_replace(): The /e modifier is deprecated, use preg_replace_callback instead /webdata/ThinkPHP_3_1_3/Lib/Template/ThinkTemplate.class.php 第 273 行.
NOTIC: [8192] preg_replace(): The /e modifier is deprecated, use preg_replace_callback instead /webdata/ThinkPHP_3_1_3/Lib/Template/ThinkTemplate.class.php 第 273 行.
NOTIC: [8192] preg_replace(): The /e modifier is deprecated, use preg_replace_callback instead /webdata/ThinkPHP_3_1_3/Lib/Template/ThinkTemplate.class.php 第 273 行.
NOTIC: [8192] preg_replace(): The /e modifier is deprecated, use preg_replace_callback instead /webdata/ThinkPHP_3_1_3/Lib/Template/ThinkTemplate.class.php 第 273 行.
NOTIC: [8192] preg_replace(): The /e modifier is deprecated, use preg_replace_callback instead /webdata/ThinkPHP_3_1_3/Lib/Template/ThinkTemplate.class.php 第 273 行.
NOTIC: [8192] preg_replace(): The /e modifier is deprecated, use preg_replace_callback instead /webdata/ThinkPHP_3_1_3/Lib/Template/ThinkTemplate.class.php 第 168 行.
NOTIC: [8192] preg_replace(): The /e modifier is deprecated, use preg_replace_callback instead /webdata/ThinkPHP_3_1_3/Lib/Template/ThinkTemplate.class.php 第 404 行.
NOTIC: [8192] preg_replace(): The /e modifier is deprecated, use preg_replace_callback instead /webdata/ThinkPHP_3_1_3/Lib/Template/ThinkTemplate.class.php 第 404 行.
NOTIC: [8192] preg_replace(): The /e modifier is deprecated, use preg_replace_callback instead /webdata/ThinkPHP_3_1_3/Lib/Template/ThinkTemplate.class.php 第 404 行.
NOTIC: [8192] preg_replace(): The /e modifier is deprecated, use preg_replace_callback instead /webdata/ThinkPHP_3_1_3/Lib/Template/ThinkTemplate.class.php 第 404 行.
NOTIC: [8192] preg_replace(): The /e modifier is deprecated, use preg_replace_callback instead /webdata/ThinkPHP_3_1_3/Lib/Template/ThinkTemplate.class.php 第 404 行.
NOTIC: [8192] preg_replace(): The /e modifier is deprecated, use preg_replace_callback instead /webdata/ThinkPHP_3_1_3/Lib/Template/ThinkTemplate.class.php 第 404 行.
NOTIC: [8192] preg_replace(): The /e modifier is deprecated, use preg_replace_callback instead /webdata/ThinkPHP_3_1_3/Lib/Template/ThinkTemplate.class.php 第 404 行.
NOTIC: [8192] preg_replace(): The /e modifier is deprecated, use preg_replace_callback instead /webdata/ThinkPHP_3_1_3/Lib/Template/ThinkTemplate.class.php 第 404 行.
NOTIC: [8192] preg_replace(): The /e modifier is deprecated, use preg_replace_callback instead /webdata/ThinkPHP_3_1_3/Lib/Template/ThinkTemplate.class.php 第 404 行.
NOTIC: [8192] preg_replace(): The /e modifier is deprecated, use preg_replace_callback instead /webdata/ThinkPHP_3_1_3/Lib/Template/ThinkTemplate.class.php 第 404 行.
NOTIC: [8192] preg_replace(): The /e modifier is deprecated, use preg_replace_callback instead /webdata/ThinkPHP_3_1_3/Lib/Template/ThinkTemplate.class.php 第 404 行.
NOTIC: [8192] preg_replace(): The /e modifier is deprecated, use preg_replace_callback instead /webdata/ThinkPHP_3_1_3/Lib/Template/ThinkTemplate.class.php 第 404 行.
NOTIC: [8192] preg_replace(): The /e modifier is deprecated, use preg_replace_callback instead /webdata/ThinkPHP_3_1_3/Lib/Template/ThinkTemplate.class.php 第 399 行.
NOTIC: [8192] preg_replace(): The /e modifier is deprecated, use preg_replace_callback instead /webdata/ThinkPHP_3_1_3/Lib/Template/ThinkTemplate.class.php 第 399 行.
NOTIC: [8192] preg_replace(): The /e modifier is deprecated, use preg_replace_callback instead /webdata/ThinkPHP_3_1_3/Lib/Template/ThinkTemplate.class.php 第 404 行.
NOTIC: [8192] preg_replace(): The /e modifier is deprecated, use preg_replace_callback instead /webdata/ThinkPHP_3_1_3/Lib/Template/ThinkTemplate.class.php 第 404 行.
NOTIC: [8192] preg_replace(): The /e modifier is deprecated, use preg_replace_callback instead /webdata/ThinkPHP_3_1_3/Lib/Template/ThinkTemplate.class.php 第 404 行.
NOTIC: [8192] preg_replace(): The /e modifier is deprecated, use preg_replace_callback instead /webdata/ThinkPHP_3_1_3/Lib/Template/ThinkTemplate.class.php 第 399 行.
NOTIC: [8192] preg_replace(): The /e modifier is deprecated, use preg_replace_callback instead /webdata/ThinkPHP_3_1_3/Lib/Template/ThinkTemplate.class.php 第 404 行.
NOTIC: [8192] preg_replace(): The /e modifier is deprecated, use preg_replace_callback instead /webdata/ThinkPHP_3_1_3/Lib/Template/ThinkTemplate.class.php 第 404 行.
NOTIC: [8192] preg_replace(): The /e modifier is deprecated, use preg_replace_callback instead /webdata/ThinkPHP_3_1_3/Lib/Template/ThinkTemplate.class.php 第 404 行.
NOTIC: [8192] preg_replace(): The /e modifier is deprecated, use preg_replace_callback instead /webdata/ThinkPHP_3_1_3/Lib/Template/ThinkTemplate.class.php 第 404 行.
NOTIC: [8192] preg_replace(): The /e modifier is deprecated, use preg_replace_callback instead /webdata/ThinkPHP_3_1_3/Lib/Template/ThinkTemplate.class.php 第 404 行.
NOTIC: [8192] preg_replace(): The /e modifier is deprecated, use preg_replace_callback instead /webdata/ThinkPHP_3_1_3/Lib/Template/ThinkTemplate.class.php 第 404 行.
NOTIC: [8192] preg_replace(): The /e modifier is deprecated, use preg_replace_callback instead /webdata/ThinkPHP_3_1_3/Lib/Template/ThinkTemplate.class.php 第 404 行.
NOTIC: [8192] preg_replace(): The /e modifier is deprecated, use preg_replace_callback instead /webdata/ThinkPHP_3_1_3/Lib/Template/ThinkTemplate.class.php 第 404 行.
NOTIC: [8192] preg_replace(): The /e modifier is deprecated, use preg_replace_callback instead /webdata/ThinkPHP_3_1_3/Lib/Template/ThinkTemplate.class.php 第 404 行.
NOTIC: [8192] preg_replace(): The /e modifier is deprecated, use preg_replace_callback instead /webdata/ThinkPHP_3_1_3/Lib/Template/ThinkTemplate.class.php 第 404 行.
NOTIC: [8192] preg_replace(): The /e modifier is deprecated, use preg_replace_callback instead /webdata/ThinkPHP_3_1_3/Lib/Template/ThinkTemplate.class.php 第 404 行.
NOTIC: [8192] preg_replace(): The /e modifier is deprecated, use preg_replace_callback instead /webdata/ThinkPHP_3_1_3/Lib/Template/ThinkTemplate.class.php 第 404 行.
NOTIC: [8192] preg_replace(): The /e modifier is deprecated, use preg_replace_callback instead /webdata/ThinkPHP_3_1_3/Lib/Template/ThinkTemplate.class.php 第 404 行.
NOTIC: [8192] preg_replace(): The /e modifier is deprecated, use preg_replace_callback instead /webdata/ThinkPHP_3_1_3/Lib/Template/ThinkTemplate.class.php 第 404 行.
NOTIC: [8192] preg_replace(): The /e modifier is deprecated, use preg_replace_callback instead /webdata/ThinkPHP_3_1_3/Lib/Template/ThinkTemplate.class.php 第 404 行.
NOTIC: [8192] preg_replace(): The /e modifier is deprecated, use preg_replace_callback instead /webdata/ThinkPHP_3_1_3/Lib/Template/ThinkTemplate.class.php 第 404 行.
NOTIC: [8192] preg_replace(): The /e modifier is deprecated, use preg_replace_callback instead /webdata/ThinkPHP_3_1_3/Lib/Template/ThinkTemplate.class.php 第 404 行.
NOTIC: [8192] preg_replace(): The /e modifier is deprecated, use preg_replace_callback instead /webdata/ThinkPHP_3_1_3/Lib/Template/ThinkTemplate.class.php 第 404 行.
NOTIC: [8192] preg_replace(): The /e modifier is deprecated, use preg_replace_callback instead /webdata/ThinkPHP_3_1_3/Lib/Template/ThinkTemplate.class.php 第 404 行.
NOTIC: [8192] preg_replace(): The /e modifier is deprecated, use preg_replace_callback instead /webdata/ThinkPHP_3_1_3/Lib/Template/ThinkTemplate.class.php 第 404 行.
NOTIC: [8192] preg_replace(): The /e modifier is deprecated, use preg_replace_callback instead /webdata/ThinkPHP_3_1_3/Lib/Template/ThinkTemplate.class.php 第 404 行.
NOTIC: [8192] preg_replace(): The /e modifier is deprecated, use preg_replace_callback instead /webdata/ThinkPHP_3_1_3/Lib/Template/ThinkTemplate.class.php 第 404 行.
NOTIC: [8192] preg_replace(): The /e modifier is deprecated, use preg_replace_callback instead /webdata/ThinkPHP_3_1_3/Lib/Template/ThinkTemplate.class.php 第 404 行.
NOTIC: [8192] preg_replace(): The /e modifier is deprecated, use preg_replace_callback instead /webdata/ThinkPHP_3_1_3/Lib/Template/ThinkTemplate.class.php 第 404 行.
NOTIC: [8192] preg_replace(): The /e modifier is deprecated, use preg_replace_callback instead /webdata/ThinkPHP_3_1_3/Lib/Template/ThinkTemplate.class.php 第 404 行.
NOTIC: [8192] preg_replace(): The /e modifier is deprecated, use preg_replace_callback instead /webdata/ThinkPHP_3_1_3/Lib/Template/ThinkTemplate.class.php 第 404 行.
NOTIC: [8192] preg_replace(): The /e modifier is deprecated, use preg_replace_callback instead /webdata/ThinkPHP_3_1_3/Lib/Template/ThinkTemplate.class.php 第 404 行.
NOTIC: [8192] preg_replace(): The /e modifier is deprecated, use preg_replace_callback instead /webdata/ThinkPHP_3_1_3/Lib/Template/ThinkTemplate.class.php 第 404 行.
NOTIC: [8192] preg_replace(): The /e modifier is deprecated, use preg_replace_callback instead /webdata/ThinkPHP_3_1_3/Lib/Template/ThinkTemplate.class.php 第 404 行.
NOTIC: [8192] preg_replace(): The /e modifier is deprecated, use preg_replace_callback instead /webdata/ThinkPHP_3_1_3/Lib/Template/ThinkTemplate.class.php 第 404 行.
NOTIC: [8192] preg_replace(): The /e modifier is deprecated, use preg_replace_callback instead /webdata/ThinkPHP_3_1_3/Lib/Template/ThinkTemplate.class.php 第 404 行.
NOTIC: [8192] preg_replace(): The /e modifier is deprecated, use preg_replace_callback instead /webdata/ThinkPHP_3_1_3/Lib/Template/ThinkTemplate.class.php 第 404 行.
NOTIC: [8192] preg_replace(): The /e modifier is deprecated, use preg_replace_callback instead /webdata/ThinkPHP_3_1_3/Lib/Template/ThinkTemplate.class.php 第 404 行.
NOTIC: [8192] preg_replace(): The /e modifier is deprecated, use preg_replace_callback instead /webdata/ThinkPHP_3_1_3/Lib/Template/ThinkTemplate.class.php 第 404 行.
NOTIC: [8192] preg_replace(): The /e modifier is deprecated, use preg_replace_callback instead /webdata/ThinkPHP_3_1_3/Lib/Template/ThinkTemplate.class.php 第 404 行.
NOTIC: [8192] preg_replace(): The /e modifier is deprecated, use preg_replace_callback instead /webdata/ThinkPHP_3_1_3/Lib/Template/ThinkTemplate.class.php 第 404 行.
NOTIC: [8192] preg_replace(): The /e modifier is deprecated, use preg_replace_callback instead /webdata/ThinkPHP_3_1_3/Lib/Template/ThinkTemplate.class.php 第 404 行.
NOTIC: [8192] preg_replace(): The /e modifier is deprecated, use preg_replace_callback instead /webdata/ThinkPHP_3_1_3/Lib/Template/ThinkTemplate.class.php 第 404 行.
NOTIC: [8192] preg_replace(): The /e modifier is deprecated, use preg_replace_callback instead /webdata/ThinkPHP_3_1_3/Lib/Template/ThinkTemplate.class.php 第 404 行.
NOTIC: [8192] preg_replace(): The /e modifier is deprecated, use preg_replace_callback instead /webdata/ThinkPHP_3_1_3/Lib/Template/ThinkTemplate.class.php 第 404 行.
NOTIC: [8192] preg_replace(): The /e modifier is deprecated, use preg_replace_callback instead /webdata/ThinkPHP_3_1_3/Lib/Template/ThinkTemplate.class.php 第 404 行.
NOTIC: [8192] preg_replace(): The /e modifier is deprecated, use preg_replace_callback instead /webdata/ThinkPHP_3_1_3/Lib/Template/ThinkTemplate.class.php 第 404 行.
NOTIC: [8192] preg_replace(): The /e modifier is deprecated, use preg_replace_callback instead /webdata/ThinkPHP_3_1_3/Lib/Template/ThinkTemplate.class.php 第 404 行.
NOTIC: [8192] preg_replace(): The /e modifier is deprecated, use preg_replace_callback instead /webdata/ThinkPHP_3_1_3/Lib/Template/ThinkTemplate.class.php 第 404 行.
NOTIC: [8192] preg_replace(): The /e modifier is deprecated, use preg_replace_callback instead /webdata/ThinkPHP_3_1_3/Lib/Template/ThinkTemplate.class.php 第 404 行.
NOTIC: [8192] preg_replace(): The /e modifier is deprecated, use preg_replace_callback instead /webdata/ThinkPHP_3_1_3/Lib/Template/ThinkTemplate.class.php 第 404 行.
NOTIC: [8192] preg_replace(): The /e modifier is deprecated, use preg_replace_callback instead /webdata/ThinkPHP_3_1_3/Lib/Template/ThinkTemplate.class.php 第 404 行.
NOTIC: [8192] preg_replace(): The /e modifier is deprecated, use preg_replace_callback instead /webdata/ThinkPHP_3_1_3/Lib/Template/ThinkTemplate.class.php 第 404 行.
NOTIC: [8192] preg_replace(): The /e modifier is deprecated, use preg_replace_callback instead /webdata/ThinkPHP_3_1_3/Lib/Template/ThinkTemplate.class.php 第 404 行.
NOTIC: [8192] preg_replace(): The /e modifier is deprecated, use preg_replace_callback instead /webdata/ThinkPHP_3_1_3/Lib/Template/ThinkTemplate.class.php 第 404 行.
NOTIC: [8192] preg_replace(): The /e modifier is deprecated, use preg_replace_callback instead /webdata/ThinkPHP_3_1_3/Lib/Template/ThinkTemplate.class.php 第 404 行.
NOTIC: [8192] preg_replace(): The /e modifier is deprecated, use preg_replace_callback instead /webdata/ThinkPHP_3_1_3/Lib/Template/ThinkTemplate.class.php 第 404 行.
NOTIC: [8192] preg_replace(): The /e modifier is deprecated, use preg_replace_callback instead /webdata/ThinkPHP_3_1_3/Lib/Template/ThinkTemplate.class.php 第 404 行.
NOTIC: [8192] preg_replace(): The /e modifier is deprecated, use preg_replace_callback instead /webdata/ThinkPHP_3_1_3/Lib/Template/ThinkTemplate.class.php 第 404 行.
NOTIC: [8192] preg_replace(): The /e modifier is deprecated, use preg_replace_callback instead /webdata/ThinkPHP_3_1_3/Lib/Template/ThinkTemplate.class.php 第 404 行.
NOTIC: [8192] preg_replace(): The /e modifier is deprecated, use preg_replace_callback instead /webdata/ThinkPHP_3_1_3/Lib/Template/ThinkTemplate.class.php 第 404 行.
NOTIC: [8192] preg_replace(): The /e modifier is deprecated, use preg_replace_callback instead /webdata/ThinkPHP_3_1_3/Lib/Template/ThinkTemplate.class.php 第 404 行.
NOTIC: [8192] preg_replace(): The /e modifier is deprecated, use preg_replace_callback instead /webdata/ThinkPHP_3_1_3/Lib/Template/ThinkTemplate.class.php 第 404 行.
NOTIC: [8192] preg_replace(): The /e modifier is deprecated, use preg_replace_callback instead /webdata/ThinkPHP_3_1_3/Lib/Template/ThinkTemplate.class.php 第 404 行.
NOTIC: [8192] preg_replace(): The /e modifier is deprecated, use preg_replace_callback instead /webdata/ThinkPHP_3_1_3/Lib/Template/ThinkTemplate.class.php 第 404 行.
NOTIC: [8192] preg_replace(): The /e modifier is deprecated, use preg_replace_callback instead /webdata/ThinkPHP_3_1_3/Lib/Template/ThinkTemplate.class.php 第 404 行.
NOTIC: [8192] preg_replace(): The /e modifier is deprecated, use preg_replace_callback instead /webdata/ThinkPHP_3_1_3/Lib/Template/ThinkTemplate.class.php 第 404 行.
NOTIC: [8192] preg_replace(): The /e modifier is deprecated, use preg_replace_callback instead /webdata/ThinkPHP_3_1_3/Lib/Template/ThinkTemplate.class.php 第 404 行.
NOTIC: [8192] preg_replace(): The /e modifier is deprecated, use preg_replace_callback instead /webdata/ThinkPHP_3_1_3/Lib/Template/ThinkTemplate.class.php 第 404 行.
NOTIC: [8192] preg_replace(): The /e modifier is deprecated, use preg_replace_callback instead /webdata/ThinkPHP_3_1_3/Lib/Template/ThinkTemplate.class.php 第 404 行.
NOTIC: [8192] preg_replace(): The /e modifier is deprecated, use preg_replace_callback instead /webdata/ThinkPHP_3_1_3/Lib/Template/ThinkTemplate.class.php 第 404 行.
NOTIC: [8192] preg_replace(): The /e modifier is deprecated, use preg_replace_callback instead /webdata/ThinkPHP_3_1_3/Lib/Template/ThinkTemplate.class.php 第 399 行.
NOTIC: [8192] preg_replace(): The /e modifier is deprecated, use preg_replace_callback instead /webdata/ThinkPHP_3_1_3/Lib/Template/ThinkTemplate.class.php 第 399 行.
NOTIC: [8192] preg_replace(): The /e modifier is deprecated, use preg_replace_callback instead /webdata/ThinkPHP_3_1_3/Lib/Template/ThinkTemplate.class.php 第 399 行.
NOTIC: [8192] preg_replace(): The /e modifier is deprecated, use preg_replace_callback instead /webdata/ThinkPHP_3_1_3/Lib/Template/ThinkTemplate.class.php 第 399 行.
NOTIC: [8192] preg_replace(): The /e modifier is deprecated, use preg_replace_callback instead /webdata/ThinkPHP_3_1_3/Lib/Template/ThinkTemplate.class.php 第 399 行.
NOTIC: [8192] preg_replace(): The /e modifier is deprecated, use preg_replace_callback instead /webdata/ThinkPHP_3_1_3/Lib/Template/ThinkTemplate.class.php 第 399 行.
NOTIC: [8192] preg_replace(): The /e modifier is deprecated, use preg_replace_callback instead /webdata/ThinkPHP_3_1_3/Lib/Template/ThinkTemplate.class.php 第 404 行.
NOTIC: [8192] preg_replace(): The /e modifier is deprecated, use preg_replace_callback instead /webdata/ThinkPHP_3_1_3/Lib/Template/ThinkTemplate.class.php 第 404 行.
NOTIC: [8192] preg_replace(): The /e modifier is deprecated, use preg_replace_callback instead /webdata/ThinkPHP_3_1_3/Lib/Template/ThinkTemplate.class.php 第 404 行.
NOTIC: [8192] preg_replace(): The /e modifier is deprecated, use preg_replace_callback instead /webdata/ThinkPHP_3_1_3/Lib/Template/ThinkTemplate.class.php 第 197 行.
NOTIC: [8192] preg_replace(): The /e modifier is deprecated, use preg_replace_callback instead /webdata/ThinkPHP_3_1_3/Lib/Template/ThinkTemplate.class.php 第 137 行.
INFO: ParseTemplate Behavior ::run [ RunTime:0.019544s ]
INFO: [ view_parse ] --END-- [ RunTime:0.019605s ]
INFO: [ view_filter ] --START--
INFO: ContentReplace Behavior ::run [ RunTime:0.000304s ]
INFO: TokenBuild Behavior ::run [ RunTime:0.000207s ]
INFO: WriteHtmlCache Behavior ::run [ RunTime:0.000140s ]
INFO: ShowRuntime Behavior ::run [ RunTime:0.000265s ]
INFO: [ view_filter ] --END-- [ RunTime:0.001034s ]
INFO: [ view_end ] --START--
INFO: ShowPageTrace Behavior ::run [ RunTime:0.000367s ]
INFO: [ view_end ] --END-- [ RunTime:0.000408s ]

[ 2017-09-25T17:06:30+08:00 ] 112.65.138.202 /yiban/topic/Home/load.html?page=1&type=1&_=1506330388644
INFO: [ route_check ] --START--
INFO: CheckRoute Behavior ::run [ RunTime:0.000452s ]
INFO: [ route_check ] --END-- [ RunTime:0.001456s ]
NOTIC: [8192] preg_replace(): The /e modifier is deprecated, use preg_replace_callback instead /webdata/ThinkPHP_3_1_3/Lib/Core/Dispatcher.class.php 第 132 行.
INFO: [ app_begin ] --START--
INFO: ReadHtmlCache Behavior ::run [ RunTime:0.000342s ]
INFO: [ app_begin ] --END-- [ RunTime:0.000381s ]
NOTIC: [8192] mysql_connect(): The mysql extension is deprecated and will be removed in the future: use mysqli or PDO instead /webdata/ThinkPHP_3_1_3/Lib/Driver/Db/DbMysql.class.php 第 55 行.
NOTIC: [2] mysql_connect(): Headers and client library minor version mismatch. Headers:50552 Library:50635 /webdata/ThinkPHP_3_1_3/Lib/Driver/Db/DbMysql.class.php 第 55 行.
SQL: SHOW COLUMNS FROM `topic` [ RunTime:0.000656s ]
NOTIC: [8192] preg_replace(): The /e modifier is deprecated, use preg_replace_callback instead /webdata/ThinkPHP_3_1_3/Lib/Core/Db.class.php 第 605 行.
SQL: SELECT `tid`,USR.status,TPC.uid,`title`,`content`,TPC.addtime,TPC.updtime,USR.nick,USR.yb_userhead,VU.vuid FROM topic TPC RIGHT JOIN user USR ON USR.uid=TPC.uid LEFT JOIN virtual_user VU ON VU.uid=TPC.uid WHERE ( TPC.status > 0 ) AND ( VU.vuid > 0 ) ORDER BY TPC.updtime DESC,TPC.tid DESC LIMIT 0,10   [ RunTime:0.027404s ]

