[ 2017-09-11T16:18:36+08:00 ] 120.197.4.215 /yiban/topic/Temp/exchange.html?from=groupmessage
INFO: [ route_check ] --START--
INFO: CheckRoute Behavior ::run [ RunTime:0.000469s ]
INFO: [ route_check ] --END-- [ RunTime:0.000543s ]
NOTIC: [8192] preg_replace(): The /e modifier is deprecated, use preg_replace_callback instead /webdata/ThinkPHP_3_1_3/Lib/Core/Dispatcher.class.php 第 132 行.
INFO: [ app_begin ] --START--
INFO: ReadHtmlCache Behavior ::run [ RunTime:0.000424s ]
INFO: [ app_begin ] --END-- [ RunTime:0.000481s ]
NOTIC: [8192] mysql_connect(): The mysql extension is deprecated and will be removed in the future: use mysqli or PDO instead /webdata/ThinkPHP_3_1_3/Lib/Driver/Db/DbMysql.class.php 第 55 行.
NOTIC: [2] mysql_connect(): Headers and client library minor version mismatch. Headers:50552 Library:50635 /webdata/ThinkPHP_3_1_3/Lib/Driver/Db/DbMysql.class.php 第 55 行.
SQL: SHOW COLUMNS FROM `ex_ticket` [ RunTime:0.000772s ]
NOTIC: [8] Undefined index: uid /webdata/yiban/topic/app/Lib/Action/CommonAction.class.php 第 18 行.
NOTIC: [8192] preg_replace(): The /e modifier is deprecated, use preg_replace_callback instead /webdata/ThinkPHP_3_1_3/Lib/Core/Db.class.php 第 605 行.
SQL: SELECT * FROM ex_ticket ET RIGHT JOIN ex_gift AS EG ON ET.exgid=EG.exgid WHERE ( ET.uid = 0 )  [ RunTime:0.004083s ]

[ 2017-09-11T16:18:38+08:00 ] 14.17.37.68 /yiban/topic/Temp/exchange.html?from=groupmessage&nsukey=QxsR3G4Wza20GiEY1y4g1FVxzNCxd93AuFz1PfT9VK%2FbUoagfGJddh5YEtMfMcjKAe3ghVQgV8b45VyPNgd1xiED7Vp7nwfMPbQhCX5qxzcHtruJDsimVghrtJ7fDfo5tVrBv1Ncitw2iIbxcpDP8C4IZN%2FoAEU7valBzwXotflNuop%2FU8p37jrafuGGsntz
INFO: [ route_check ] --START--
INFO: CheckRoute Behavior ::run [ RunTime:0.000522s ]
INFO: [ route_check ] --END-- [ RunTime:0.000597s ]
NOTIC: [8192] preg_replace(): The /e modifier is deprecated, use preg_replace_callback instead /webdata/ThinkPHP_3_1_3/Lib/Core/Dispatcher.class.php 第 132 行.
INFO: [ app_begin ] --START--
INFO: ReadHtmlCache Behavior ::run [ RunTime:0.000282s ]
INFO: [ app_begin ] --END-- [ RunTime:0.000329s ]
NOTIC: [8192] mysql_connect(): The mysql extension is deprecated and will be removed in the future: use mysqli or PDO instead /webdata/ThinkPHP_3_1_3/Lib/Driver/Db/DbMysql.class.php 第 55 行.
NOTIC: [2] mysql_connect(): Headers and client library minor version mismatch. Headers:50552 Library:50635 /webdata/ThinkPHP_3_1_3/Lib/Driver/Db/DbMysql.class.php 第 55 行.
SQL: SHOW COLUMNS FROM `ex_ticket` [ RunTime:0.000644s ]
NOTIC: [8] Undefined index: uid /webdata/yiban/topic/app/Lib/Action/CommonAction.class.php 第 18 行.
NOTIC: [8192] preg_replace(): The /e modifier is deprecated, use preg_replace_callback instead /webdata/ThinkPHP_3_1_3/Lib/Core/Db.class.php 第 605 行.
SQL: SELECT * FROM ex_ticket ET RIGHT JOIN ex_gift AS EG ON ET.exgid=EG.exgid WHERE ( ET.uid = 0 )  [ RunTime:0.003820s ]

[ 2017-09-11T16:18:39+08:00 ] 14.17.37.145 /yiban/topic/Temp/exchange.html?from=groupmessage&nsukey=QxsR3G4Wza20GiEY1y4g1FVxzNCxd93AuFz1PfT9VK%2FbUoagfGJddh5YEtMfMcjKAe3ghVQgV8b45VyPNgd1xiED7Vp7nwfMPbQhCX5qxzcHtruJDsimVghrtJ7fDfo5tVrBv1Ncitw2iIbxcpDP8C4IZN%2FoAEU7valBzwXotflNuop%2FU8p37jrafuGGsntz
INFO: [ route_check ] --START--
INFO: CheckRoute Behavior ::run [ RunTime:0.000469s ]
INFO: [ route_check ] --END-- [ RunTime:0.000538s ]
NOTIC: [8192] preg_replace(): The /e modifier is deprecated, use preg_replace_callback instead /webdata/ThinkPHP_3_1_3/Lib/Core/Dispatcher.class.php 第 132 行.
INFO: [ app_begin ] --START--
INFO: ReadHtmlCache Behavior ::run [ RunTime:0.000294s ]
INFO: [ app_begin ] --END-- [ RunTime:0.000334s ]
NOTIC: [8192] mysql_connect(): The mysql extension is deprecated and will be removed in the future: use mysqli or PDO instead /webdata/ThinkPHP_3_1_3/Lib/Driver/Db/DbMysql.class.php 第 55 行.
NOTIC: [2] mysql_connect(): Headers and client library minor version mismatch. Headers:50552 Library:50635 /webdata/ThinkPHP_3_1_3/Lib/Driver/Db/DbMysql.class.php 第 55 行.
SQL: SHOW COLUMNS FROM `ex_ticket` [ RunTime:0.000678s ]
NOTIC: [8] Undefined index: uid /webdata/yiban/topic/app/Lib/Action/CommonAction.class.php 第 18 行.
NOTIC: [8192] preg_replace(): The /e modifier is deprecated, use preg_replace_callback instead /webdata/ThinkPHP_3_1_3/Lib/Core/Db.class.php 第 605 行.
SQL: SELECT * FROM ex_ticket ET RIGHT JOIN ex_gift AS EG ON ET.exgid=EG.exgid WHERE ( ET.uid = 0 )  [ RunTime:0.003740s ]

[ 2017-09-11T16:18:41+08:00 ] 120.197.4.215 /yiban/topic/Temp/exchange.html?from=groupmessage&nsukey=QxsR3G4Wza20GiEY1y4g1FVxzNCxd93AuFz1PfT9VK%2FbUoagfGJddh5YEtMfMcjKAe3ghVQgV8b45VyPNgd1xiED7Vp7nwfMPbQhCX5qxzcHtruJDsimVghrtJ7fDfo5tVrBv1Ncitw2iIbxcpDP8C4IZN%2FoAEU7valBzwXotflNuop%2FU8p37jrafuGGsntz
INFO: [ route_check ] --START--
INFO: CheckRoute Behavior ::run [ RunTime:0.000465s ]
INFO: [ route_check ] --END-- [ RunTime:0.000534s ]
NOTIC: [8192] preg_replace(): The /e modifier is deprecated, use preg_replace_callback instead /webdata/ThinkPHP_3_1_3/Lib/Core/Dispatcher.class.php 第 132 行.
INFO: [ app_begin ] --START--
INFO: ReadHtmlCache Behavior ::run [ RunTime:0.000279s ]
INFO: [ app_begin ] --END-- [ RunTime:0.000319s ]
NOTIC: [8192] mysql_connect(): The mysql extension is deprecated and will be removed in the future: use mysqli or PDO instead /webdata/ThinkPHP_3_1_3/Lib/Driver/Db/DbMysql.class.php 第 55 行.
NOTIC: [2] mysql_connect(): Headers and client library minor version mismatch. Headers:50552 Library:50635 /webdata/ThinkPHP_3_1_3/Lib/Driver/Db/DbMysql.class.php 第 55 行.
SQL: SHOW COLUMNS FROM `ex_ticket` [ RunTime:0.000717s ]
NOTIC: [8] Undefined index: uid /webdata/yiban/topic/app/Lib/Action/CommonAction.class.php 第 18 行.
NOTIC: [8192] preg_replace(): The /e modifier is deprecated, use preg_replace_callback instead /webdata/ThinkPHP_3_1_3/Lib/Core/Db.class.php 第 605 行.
SQL: SELECT * FROM ex_ticket ET RIGHT JOIN ex_gift AS EG ON ET.exgid=EG.exgid WHERE ( ET.uid = 0 )  [ RunTime:0.003699s ]

