[ 2018-01-25T10:11:53+08:00 ] 42.199.57.116 /yiban/recruit/index__.php
INFO: [ app_begin ] --START--
INFO: ReadHtmlCache Behavior ::run [ RunTime:0.000406s ]
INFO: [ app_begin ] --END-- [ RunTime:0.000554s ]
INFO: [ view_parse ] --START--
NOTIC: [8192] preg_replace(): The /e modifier is deprecated, use preg_replace_callback instead /webdata/ThinkPHP_3_1_3/Lib/Template/ThinkTemplate.class.php 第 273 行.
NOTIC: [8192] preg_replace(): The /e modifier is deprecated, use preg_replace_callback instead /webdata/ThinkPHP_3_1_3/Lib/Template/ThinkTemplate.class.php 第 168 行.
NOTIC: [8192] preg_replace(): The /e modifier is deprecated, use preg_replace_callback instead /webdata/ThinkPHP_3_1_3/Lib/Template/ThinkTemplate.class.php 第 404 行.
NOTIC: [8192] preg_replace(): The /e modifier is deprecated, use preg_replace_callback instead /webdata/ThinkPHP_3_1_3/Lib/Template/ThinkTemplate.class.php 第 404 行.
NOTIC: [8192] preg_replace(): The /e modifier is deprecated, use preg_replace_callback instead /webdata/ThinkPHP_3_1_3/Lib/Template/ThinkTemplate.class.php 第 404 行.
NOTIC: [8192] preg_replace(): The /e modifier is deprecated, use preg_replace_callback instead /webdata/ThinkPHP_3_1_3/Lib/Template/ThinkTemplate.class.php 第 404 行.
NOTIC: [8192] preg_replace(): The /e modifier is deprecated, use preg_replace_callback instead /webdata/ThinkPHP_3_1_3/Lib/Template/ThinkTemplate.class.php 第 404 行.
NOTIC: [8192] preg_replace(): The /e modifier is deprecated, use preg_replace_callback instead /webdata/ThinkPHP_3_1_3/Lib/Template/ThinkTemplate.class.php 第 404 行.
NOTIC: [8192] preg_replace(): The /e modifier is deprecated, use preg_replace_callback instead /webdata/ThinkPHP_3_1_3/Lib/Template/ThinkTemplate.class.php 第 404 行.
NOTIC: [8192] preg_replace(): The /e modifier is deprecated, use preg_replace_callback instead /webdata/ThinkPHP_3_1_3/Lib/Template/ThinkTemplate.class.php 第 404 行.
NOTIC: [8192] preg_replace(): The /e modifier is deprecated, use preg_replace_callback instead /webdata/ThinkPHP_3_1_3/Lib/Template/ThinkTemplate.class.php 第 404 行.
NOTIC: [8192] preg_replace(): The /e modifier is deprecated, use preg_replace_callback instead /webdata/ThinkPHP_3_1_3/Lib/Template/ThinkTemplate.class.php 第 404 行.
NOTIC: [8192] preg_replace(): The /e modifier is deprecated, use preg_replace_callback instead /webdata/ThinkPHP_3_1_3/Lib/Template/ThinkTemplate.class.php 第 404 行.
NOTIC: [8192] preg_replace(): The /e modifier is deprecated, use preg_replace_callback instead /webdata/ThinkPHP_3_1_3/Lib/Template/ThinkTemplate.class.php 第 404 行.
NOTIC: [8192] preg_replace(): The /e modifier is deprecated, use preg_replace_callback instead /webdata/ThinkPHP_3_1_3/Lib/Template/ThinkTemplate.class.php 第 399 行.
NOTIC: [8192] preg_replace(): The /e modifier is deprecated, use preg_replace_callback instead /webdata/ThinkPHP_3_1_3/Lib/Template/ThinkTemplate.class.php 第 399 行.
NOTIC: [8192] preg_replace(): The /e modifier is deprecated, use preg_replace_callback instead /webdata/ThinkPHP_3_1_3/Lib/Template/ThinkTemplate.class.php 第 404 行.
NOTIC: [8192] preg_replace(): The /e modifier is deprecated, use preg_replace_callback instead /webdata/ThinkPHP_3_1_3/Lib/Template/ThinkTemplate.class.php 第 404 行.
NOTIC: [8192] preg_replace(): The /e modifier is deprecated, use preg_replace_callback instead /webdata/ThinkPHP_3_1_3/Lib/Template/ThinkTemplate.class.php 第 404 行.
NOTIC: [8192] preg_replace(): The /e modifier is deprecated, use preg_replace_callback instead /webdata/ThinkPHP_3_1_3/Lib/Template/ThinkTemplate.class.php 第 399 行.
NOTIC: [8192] preg_replace(): The /e modifier is deprecated, use preg_replace_callback instead /webdata/ThinkPHP_3_1_3/Lib/Template/ThinkTemplate.class.php 第 404 行.
NOTIC: [8192] preg_replace(): The /e modifier is deprecated, use preg_replace_callback instead /webdata/ThinkPHP_3_1_3/Lib/Template/ThinkTemplate.class.php 第 404 行.
NOTIC: [8192] preg_replace(): The /e modifier is deprecated, use preg_replace_callback instead /webdata/ThinkPHP_3_1_3/Lib/Template/ThinkTemplate.class.php 第 404 行.
NOTIC: [8192] preg_replace(): The /e modifier is deprecated, use preg_replace_callback instead /webdata/ThinkPHP_3_1_3/Lib/Template/ThinkTemplate.class.php 第 404 行.
NOTIC: [8192] preg_replace(): The /e modifier is deprecated, use preg_replace_callback instead /webdata/ThinkPHP_3_1_3/Lib/Template/ThinkTemplate.class.php 第 404 行.
NOTIC: [8192] preg_replace(): The /e modifier is deprecated, use preg_replace_callback instead /webdata/ThinkPHP_3_1_3/Lib/Template/ThinkTemplate.class.php 第 404 行.
NOTIC: [8192] preg_replace(): The /e modifier is deprecated, use preg_replace_callback instead /webdata/ThinkPHP_3_1_3/Lib/Template/ThinkTemplate.class.php 第 404 行.
NOTIC: [8192] preg_replace(): The /e modifier is deprecated, use preg_replace_callback instead /webdata/ThinkPHP_3_1_3/Lib/Template/ThinkTemplate.class.php 第 404 行.
NOTIC: [8192] preg_replace(): The /e modifier is deprecated, use preg_replace_callback instead /webdata/ThinkPHP_3_1_3/Lib/Template/ThinkTemplate.class.php 第 404 行.
NOTIC: [8192] preg_replace(): The /e modifier is deprecated, use preg_replace_callback instead /webdata/ThinkPHP_3_1_3/Lib/Template/ThinkTemplate.class.php 第 404 行.
NOTIC: [8192] preg_replace(): The /e modifier is deprecated, use preg_replace_callback instead /webdata/ThinkPHP_3_1_3/Lib/Template/ThinkTemplate.class.php 第 404 行.
NOTIC: [8192] preg_replace(): The /e modifier is deprecated, use preg_replace_callback instead /webdata/ThinkPHP_3_1_3/Lib/Template/ThinkTemplate.class.php 第 404 行.
NOTIC: [8192] preg_replace(): The /e modifier is deprecated, use preg_replace_callback instead /webdata/ThinkPHP_3_1_3/Lib/Template/ThinkTemplate.class.php 第 404 行.
NOTIC: [8192] preg_replace(): The /e modifier is deprecated, use preg_replace_callback instead /webdata/ThinkPHP_3_1_3/Lib/Template/ThinkTemplate.class.php 第 404 行.
NOTIC: [8192] preg_replace(): The /e modifier is deprecated, use preg_replace_callback instead /webdata/ThinkPHP_3_1_3/Lib/Template/ThinkTemplate.class.php 第 404 行.
NOTIC: [8192] preg_replace(): The /e modifier is deprecated, use preg_replace_callback instead /webdata/ThinkPHP_3_1_3/Lib/Template/ThinkTemplate.class.php 第 404 行.
NOTIC: [8192] preg_replace(): The /e modifier is deprecated, use preg_replace_callback instead /webdata/ThinkPHP_3_1_3/Lib/Template/ThinkTemplate.class.php 第 404 行.
NOTIC: [8192] preg_replace(): The /e modifier is deprecated, use preg_replace_callback instead /webdata/ThinkPHP_3_1_3/Lib/Template/ThinkTemplate.class.php 第 404 行.
NOTIC: [8192] preg_replace(): The /e modifier is deprecated, use preg_replace_callback instead /webdata/ThinkPHP_3_1_3/Lib/Template/ThinkTemplate.class.php 第 404 行.
NOTIC: [8192] preg_replace(): The /e modifier is deprecated, use preg_replace_callback instead /webdata/ThinkPHP_3_1_3/Lib/Template/ThinkTemplate.class.php 第 404 行.
NOTIC: [8192] preg_replace(): The /e modifier is deprecated, use preg_replace_callback instead /webdata/ThinkPHP_3_1_3/Lib/Template/ThinkTemplate.class.php 第 404 行.
NOTIC: [8192] preg_replace(): The /e modifier is deprecated, use preg_replace_callback instead /webdata/ThinkPHP_3_1_3/Lib/Template/ThinkTemplate.class.php 第 404 行.
NOTIC: [8192] preg_replace(): The /e modifier is deprecated, use preg_replace_callback instead /webdata/ThinkPHP_3_1_3/Lib/Template/ThinkTemplate.class.php 第 404 行.
NOTIC: [8192] preg_replace(): The /e modifier is deprecated, use preg_replace_callback instead /webdata/ThinkPHP_3_1_3/Lib/Template/ThinkTemplate.class.php 第 404 行.
NOTIC: [8192] preg_replace(): The /e modifier is deprecated, use preg_replace_callback instead /webdata/ThinkPHP_3_1_3/Lib/Template/ThinkTemplate.class.php 第 404 行.
NOTIC: [8192] preg_replace(): The /e modifier is deprecated, use preg_replace_callback instead /webdata/ThinkPHP_3_1_3/Lib/Template/ThinkTemplate.class.php 第 404 行.
NOTIC: [8192] preg_replace(): The /e modifier is deprecated, use preg_replace_callback instead /webdata/ThinkPHP_3_1_3/Lib/Template/ThinkTemplate.class.php 第 404 行.
NOTIC: [8192] preg_replace(): The /e modifier is deprecated, use preg_replace_callback instead /webdata/ThinkPHP_3_1_3/Lib/Template/ThinkTemplate.class.php 第 404 行.
NOTIC: [8192] preg_replace(): The /e modifier is deprecated, use preg_replace_callback instead /webdata/ThinkPHP_3_1_3/Lib/Template/ThinkTemplate.class.php 第 404 行.
NOTIC: [8192] preg_replace(): The /e modifier is deprecated, use preg_replace_callback instead /webdata/ThinkPHP_3_1_3/Lib/Template/ThinkTemplate.class.php 第 404 行.
NOTIC: [8192] preg_replace(): The /e modifier is deprecated, use preg_replace_callback instead /webdata/ThinkPHP_3_1_3/Lib/Template/ThinkTemplate.class.php 第 404 行.
NOTIC: [8192] preg_replace(): The /e modifier is deprecated, use preg_replace_callback instead /webdata/ThinkPHP_3_1_3/Lib/Template/ThinkTemplate.class.php 第 404 行.
NOTIC: [8192] preg_replace(): The /e modifier is deprecated, use preg_replace_callback instead /webdata/ThinkPHP_3_1_3/Lib/Template/ThinkTemplate.class.php 第 404 行.
NOTIC: [8192] preg_replace(): The /e modifier is deprecated, use preg_replace_callback instead /webdata/ThinkPHP_3_1_3/Lib/Template/ThinkTemplate.class.php 第 404 行.
NOTIC: [8192] preg_replace(): The /e modifier is deprecated, use preg_replace_callback instead /webdata/ThinkPHP_3_1_3/Lib/Template/ThinkTemplate.class.php 第 404 行.
NOTIC: [8192] preg_replace(): The /e modifier is deprecated, use preg_replace_callback instead /webdata/ThinkPHP_3_1_3/Lib/Template/ThinkTemplate.class.php 第 404 行.
NOTIC: [8192] preg_replace(): The /e modifier is deprecated, use preg_replace_callback instead /webdata/ThinkPHP_3_1_3/Lib/Template/ThinkTemplate.class.php 第 404 行.
NOTIC: [8192] preg_replace(): The /e modifier is deprecated, use preg_replace_callback instead /webdata/ThinkPHP_3_1_3/Lib/Template/ThinkTemplate.class.php 第 404 行.
NOTIC: [8192] preg_replace(): The /e modifier is deprecated, use preg_replace_callback instead /webdata/ThinkPHP_3_1_3/Lib/Template/ThinkTemplate.class.php 第 404 行.
NOTIC: [8192] preg_replace(): The /e modifier is deprecated, use preg_replace_callback instead /webdata/ThinkPHP_3_1_3/Lib/Template/ThinkTemplate.class.php 第 404 行.
NOTIC: [8192] preg_replace(): The /e modifier is deprecated, use preg_replace_callback instead /webdata/ThinkPHP_3_1_3/Lib/Template/ThinkTemplate.class.php 第 404 行.
NOTIC: [8192] preg_replace(): The /e modifier is deprecated, use preg_replace_callback instead /webdata/ThinkPHP_3_1_3/Lib/Template/ThinkTemplate.class.php 第 404 行.
NOTIC: [8192] preg_replace(): The /e modifier is deprecated, use preg_replace_callback instead /webdata/ThinkPHP_3_1_3/Lib/Template/ThinkTemplate.class.php 第 404 行.
NOTIC: [8192] preg_replace(): The /e modifier is deprecated, use preg_replace_callback instead /webdata/ThinkPHP_3_1_3/Lib/Template/ThinkTemplate.class.php 第 404 行.
NOTIC: [8192] preg_replace(): The /e modifier is deprecated, use preg_replace_callback instead /webdata/ThinkPHP_3_1_3/Lib/Template/ThinkTemplate.class.php 第 404 行.
NOTIC: [8192] preg_replace(): The /e modifier is deprecated, use preg_replace_callback instead /webdata/ThinkPHP_3_1_3/Lib/Template/ThinkTemplate.class.php 第 404 行.
NOTIC: [8192] preg_replace(): The /e modifier is deprecated, use preg_replace_callback instead /webdata/ThinkPHP_3_1_3/Lib/Template/ThinkTemplate.class.php 第 404 行.
NOTIC: [8192] preg_replace(): The /e modifier is deprecated, use preg_replace_callback instead /webdata/ThinkPHP_3_1_3/Lib/Template/ThinkTemplate.class.php 第 404 行.
NOTIC: [8192] preg_replace(): The /e modifier is deprecated, use preg_replace_callback instead /webdata/ThinkPHP_3_1_3/Lib/Template/ThinkTemplate.class.php 第 404 行.
NOTIC: [8192] preg_replace(): The /e modifier is deprecated, use preg_replace_callback instead /webdata/ThinkPHP_3_1_3/Lib/Template/ThinkTemplate.class.php 第 404 行.
NOTIC: [8192] preg_replace(): The /e modifier is deprecated, use preg_replace_callback instead /webdata/ThinkPHP_3_1_3/Lib/Template/ThinkTemplate.class.php 第 404 行.
NOTIC: [8192] preg_replace(): The /e modifier is deprecated, use preg_replace_callback instead /webdata/ThinkPHP_3_1_3/Lib/Template/ThinkTemplate.class.php 第 404 行.
NOTIC: [8192] preg_replace(): The /e modifier is deprecated, use preg_replace_callback instead /webdata/ThinkPHP_3_1_3/Lib/Template/ThinkTemplate.class.php 第 404 行.
NOTIC: [8192] preg_replace(): The /e modifier is deprecated, use preg_replace_callback instead /webdata/ThinkPHP_3_1_3/Lib/Template/ThinkTemplate.class.php 第 404 行.
NOTIC: [8192] preg_replace(): The /e modifier is deprecated, use preg_replace_callback instead /webdata/ThinkPHP_3_1_3/Lib/Template/ThinkTemplate.class.php 第 404 行.
NOTIC: [8192] preg_replace(): The /e modifier is deprecated, use preg_replace_callback instead /webdata/ThinkPHP_3_1_3/Lib/Template/ThinkTemplate.class.php 第 404 行.
NOTIC: [8192] preg_replace(): The /e modifier is deprecated, use preg_replace_callback instead /webdata/ThinkPHP_3_1_3/Lib/Template/ThinkTemplate.class.php 第 404 行.
NOTIC: [8192] preg_replace(): The /e modifier is deprecated, use preg_replace_callback instead /webdata/ThinkPHP_3_1_3/Lib/Template/ThinkTemplate.class.php 第 404 行.
NOTIC: [8192] preg_replace(): The /e modifier is deprecated, use preg_replace_callback instead /webdata/ThinkPHP_3_1_3/Lib/Template/ThinkTemplate.class.php 第 404 行.
NOTIC: [8192] preg_replace(): The /e modifier is deprecated, use preg_replace_callback instead /webdata/ThinkPHP_3_1_3/Lib/Template/ThinkTemplate.class.php 第 404 行.
NOTIC: [8192] preg_replace(): The /e modifier is deprecated, use preg_replace_callback instead /webdata/ThinkPHP_3_1_3/Lib/Template/ThinkTemplate.class.php 第 404 行.
NOTIC: [8192] preg_replace(): The /e modifier is deprecated, use preg_replace_callback instead /webdata/ThinkPHP_3_1_3/Lib/Template/ThinkTemplate.class.php 第 404 行.
NOTIC: [8192] preg_replace(): The /e modifier is deprecated, use preg_replace_callback instead /webdata/ThinkPHP_3_1_3/Lib/Template/ThinkTemplate.class.php 第 404 行.
NOTIC: [8192] preg_replace(): The /e modifier is deprecated, use preg_replace_callback instead /webdata/ThinkPHP_3_1_3/Lib/Template/ThinkTemplate.class.php 第 404 行.
NOTIC: [8192] preg_replace(): The /e modifier is deprecated, use preg_replace_callback instead /webdata/ThinkPHP_3_1_3/Lib/Template/ThinkTemplate.class.php 第 404 行.
NOTIC: [8192] preg_replace(): The /e modifier is deprecated, use preg_replace_callback instead /webdata/ThinkPHP_3_1_3/Lib/Template/ThinkTemplate.class.php 第 404 行.
NOTIC: [8192] preg_replace(): The /e modifier is deprecated, use preg_replace_callback instead /webdata/ThinkPHP_3_1_3/Lib/Template/ThinkTemplate.class.php 第 399 行.
NOTIC: [8192] preg_replace(): The /e modifier is deprecated, use preg_replace_callback instead /webdata/ThinkPHP_3_1_3/Lib/Template/ThinkTemplate.class.php 第 399 行.
NOTIC: [8192] preg_replace(): The /e modifier is deprecated, use preg_replace_callback instead /webdata/ThinkPHP_3_1_3/Lib/Template/ThinkTemplate.class.php 第 399 行.
NOTIC: [8192] preg_replace(): The /e modifier is deprecated, use preg_replace_callback instead /webdata/ThinkPHP_3_1_3/Lib/Template/ThinkTemplate.class.php 第 399 行.
NOTIC: [8192] preg_replace(): The /e modifier is deprecated, use preg_replace_callback instead /webdata/ThinkPHP_3_1_3/Lib/Template/ThinkTemplate.class.php 第 399 行.
NOTIC: [8192] preg_replace(): The /e modifier is deprecated, use preg_replace_callback instead /webdata/ThinkPHP_3_1_3/Lib/Template/ThinkTemplate.class.php 第 399 行.
NOTIC: [8192] preg_replace(): The /e modifier is deprecated, use preg_replace_callback instead /webdata/ThinkPHP_3_1_3/Lib/Template/ThinkTemplate.class.php 第 404 行.
NOTIC: [8192] preg_replace(): The /e modifier is deprecated, use preg_replace_callback instead /webdata/ThinkPHP_3_1_3/Lib/Template/ThinkTemplate.class.php 第 404 行.
NOTIC: [8192] preg_replace(): The /e modifier is deprecated, use preg_replace_callback instead /webdata/ThinkPHP_3_1_3/Lib/Template/ThinkTemplate.class.php 第 404 行.
NOTIC: [8192] preg_replace(): The /e modifier is deprecated, use preg_replace_callback instead /webdata/ThinkPHP_3_1_3/Lib/Template/ThinkTemplate.class.php 第 197 行.
NOTIC: [8192] preg_replace(): The /e modifier is deprecated, use preg_replace_callback instead /webdata/ThinkPHP_3_1_3/Lib/Template/ThinkTemplate.class.php 第 137 行.
INFO: ParseTemplate Behavior ::run [ RunTime:0.009547s ]
INFO: [ view_parse ] --END-- [ RunTime:0.009599s ]
INFO: [ view_filter ] --START--
INFO: ContentReplace Behavior ::run [ RunTime:0.000197s ]
INFO: TokenBuild Behavior ::run [ RunTime:0.000194s ]
INFO: WriteHtmlCache Behavior ::run [ RunTime:0.000115s ]
INFO: ShowRuntime Behavior ::run [ RunTime:0.000278s ]
INFO: [ view_filter ] --END-- [ RunTime:0.000923s ]
INFO: [ view_end ] --START--
INFO: ShowPageTrace Behavior ::run [ RunTime:0.000408s ]
INFO: [ view_end ] --END-- [ RunTime:0.000454s ]

[ 2018-01-25T10:12:53+08:00 ] 121.51.32.144 /yiban/recruit/index__.php
INFO: [ app_begin ] --START--
INFO: ReadHtmlCache Behavior ::run [ RunTime:0.000321s ]
INFO: [ app_begin ] --END-- [ RunTime:0.000392s ]
INFO: [ view_parse ] --START--
NOTIC: [8192] preg_replace(): The /e modifier is deprecated, use preg_replace_callback instead /webdata/ThinkPHP_3_1_3/Lib/Template/ThinkTemplate.class.php 第 273 行.
NOTIC: [8192] preg_replace(): The /e modifier is deprecated, use preg_replace_callback instead /webdata/ThinkPHP_3_1_3/Lib/Template/ThinkTemplate.class.php 第 168 行.
NOTIC: [8192] preg_replace(): The /e modifier is deprecated, use preg_replace_callback instead /webdata/ThinkPHP_3_1_3/Lib/Template/ThinkTemplate.class.php 第 404 行.
NOTIC: [8192] preg_replace(): The /e modifier is deprecated, use preg_replace_callback instead /webdata/ThinkPHP_3_1_3/Lib/Template/ThinkTemplate.class.php 第 404 行.
NOTIC: [8192] preg_replace(): The /e modifier is deprecated, use preg_replace_callback instead /webdata/ThinkPHP_3_1_3/Lib/Template/ThinkTemplate.class.php 第 404 行.
NOTIC: [8192] preg_replace(): The /e modifier is deprecated, use preg_replace_callback instead /webdata/ThinkPHP_3_1_3/Lib/Template/ThinkTemplate.class.php 第 404 行.
NOTIC: [8192] preg_replace(): The /e modifier is deprecated, use preg_replace_callback instead /webdata/ThinkPHP_3_1_3/Lib/Template/ThinkTemplate.class.php 第 404 行.
NOTIC: [8192] preg_replace(): The /e modifier is deprecated, use preg_replace_callback instead /webdata/ThinkPHP_3_1_3/Lib/Template/ThinkTemplate.class.php 第 404 行.
NOTIC: [8192] preg_replace(): The /e modifier is deprecated, use preg_replace_callback instead /webdata/ThinkPHP_3_1_3/Lib/Template/ThinkTemplate.class.php 第 404 行.
NOTIC: [8192] preg_replace(): The /e modifier is deprecated, use preg_replace_callback instead /webdata/ThinkPHP_3_1_3/Lib/Template/ThinkTemplate.class.php 第 404 行.
NOTIC: [8192] preg_replace(): The /e modifier is deprecated, use preg_replace_callback instead /webdata/ThinkPHP_3_1_3/Lib/Template/ThinkTemplate.class.php 第 404 行.
NOTIC: [8192] preg_replace(): The /e modifier is deprecated, use preg_replace_callback instead /webdata/ThinkPHP_3_1_3/Lib/Template/ThinkTemplate.class.php 第 404 行.
NOTIC: [8192] preg_replace(): The /e modifier is deprecated, use preg_replace_callback instead /webdata/ThinkPHP_3_1_3/Lib/Template/ThinkTemplate.class.php 第 404 行.
NOTIC: [8192] preg_replace(): The /e modifier is deprecated, use preg_replace_callback instead /webdata/ThinkPHP_3_1_3/Lib/Template/ThinkTemplate.class.php 第 404 行.
NOTIC: [8192] preg_replace(): The /e modifier is deprecated, use preg_replace_callback instead /webdata/ThinkPHP_3_1_3/Lib/Template/ThinkTemplate.class.php 第 399 行.
NOTIC: [8192] preg_replace(): The /e modifier is deprecated, use preg_replace_callback instead /webdata/ThinkPHP_3_1_3/Lib/Template/ThinkTemplate.class.php 第 399 行.
NOTIC: [8192] preg_replace(): The /e modifier is deprecated, use preg_replace_callback instead /webdata/ThinkPHP_3_1_3/Lib/Template/ThinkTemplate.class.php 第 404 行.
NOTIC: [8192] preg_replace(): The /e modifier is deprecated, use preg_replace_callback instead /webdata/ThinkPHP_3_1_3/Lib/Template/ThinkTemplate.class.php 第 404 行.
NOTIC: [8192] preg_replace(): The /e modifier is deprecated, use preg_replace_callback instead /webdata/ThinkPHP_3_1_3/Lib/Template/ThinkTemplate.class.php 第 404 行.
NOTIC: [8192] preg_replace(): The /e modifier is deprecated, use preg_replace_callback instead /webdata/ThinkPHP_3_1_3/Lib/Template/ThinkTemplate.class.php 第 399 行.
NOTIC: [8192] preg_replace(): The /e modifier is deprecated, use preg_replace_callback instead /webdata/ThinkPHP_3_1_3/Lib/Template/ThinkTemplate.class.php 第 404 行.
NOTIC: [8192] preg_replace(): The /e modifier is deprecated, use preg_replace_callback instead /webdata/ThinkPHP_3_1_3/Lib/Template/ThinkTemplate.class.php 第 404 行.
NOTIC: [8192] preg_replace(): The /e modifier is deprecated, use preg_replace_callback instead /webdata/ThinkPHP_3_1_3/Lib/Template/ThinkTemplate.class.php 第 404 行.
NOTIC: [8192] preg_replace(): The /e modifier is deprecated, use preg_replace_callback instead /webdata/ThinkPHP_3_1_3/Lib/Template/ThinkTemplate.class.php 第 404 行.
NOTIC: [8192] preg_replace(): The /e modifier is deprecated, use preg_replace_callback instead /webdata/ThinkPHP_3_1_3/Lib/Template/ThinkTemplate.class.php 第 404 行.
NOTIC: [8192] preg_replace(): The /e modifier is deprecated, use preg_replace_callback instead /webdata/ThinkPHP_3_1_3/Lib/Template/ThinkTemplate.class.php 第 404 行.
NOTIC: [8192] preg_replace(): The /e modifier is deprecated, use preg_replace_callback instead /webdata/ThinkPHP_3_1_3/Lib/Template/ThinkTemplate.class.php 第 404 行.
NOTIC: [8192] preg_replace(): The /e modifier is deprecated, use preg_replace_callback instead /webdata/ThinkPHP_3_1_3/Lib/Template/ThinkTemplate.class.php 第 404 行.
NOTIC: [8192] preg_replace(): The /e modifier is deprecated, use preg_replace_callback instead /webdata/ThinkPHP_3_1_3/Lib/Template/ThinkTemplate.class.php 第 404 行.
NOTIC: [8192] preg_replace(): The /e modifier is deprecated, use preg_replace_callback instead /webdata/ThinkPHP_3_1_3/Lib/Template/ThinkTemplate.class.php 第 404 行.
NOTIC: [8192] preg_replace(): The /e modifier is deprecated, use preg_replace_callback instead /webdata/ThinkPHP_3_1_3/Lib/Template/ThinkTemplate.class.php 第 404 行.
NOTIC: [8192] preg_replace(): The /e modifier is deprecated, use preg_replace_callback instead /webdata/ThinkPHP_3_1_3/Lib/Template/ThinkTemplate.class.php 第 404 行.
NOTIC: [8192] preg_replace(): The /e modifier is deprecated, use preg_replace_callback instead /webdata/ThinkPHP_3_1_3/Lib/Template/ThinkTemplate.class.php 第 404 行.
NOTIC: [8192] preg_replace(): The /e modifier is deprecated, use preg_replace_callback instead /webdata/ThinkPHP_3_1_3/Lib/Template/ThinkTemplate.class.php 第 404 行.
NOTIC: [8192] preg_replace(): The /e modifier is deprecated, use preg_replace_callback instead /webdata/ThinkPHP_3_1_3/Lib/Template/ThinkTemplate.class.php 第 404 行.
NOTIC: [8192] preg_replace(): The /e modifier is deprecated, use preg_replace_callback instead /webdata/ThinkPHP_3_1_3/Lib/Template/ThinkTemplate.class.php 第 404 行.
NOTIC: [8192] preg_replace(): The /e modifier is deprecated, use preg_replace_callback instead /webdata/ThinkPHP_3_1_3/Lib/Template/ThinkTemplate.class.php 第 404 行.
NOTIC: [8192] preg_replace(): The /e modifier is deprecated, use preg_replace_callback instead /webdata/ThinkPHP_3_1_3/Lib/Template/ThinkTemplate.class.php 第 404 行.
NOTIC: [8192] preg_replace(): The /e modifier is deprecated, use preg_replace_callback instead /webdata/ThinkPHP_3_1_3/Lib/Template/ThinkTemplate.class.php 第 404 行.
NOTIC: [8192] preg_replace(): The /e modifier is deprecated, use preg_replace_callback instead /webdata/ThinkPHP_3_1_3/Lib/Template/ThinkTemplate.class.php 第 404 行.
NOTIC: [8192] preg_replace(): The /e modifier is deprecated, use preg_replace_callback instead /webdata/ThinkPHP_3_1_3/Lib/Template/ThinkTemplate.class.php 第 404 行.
NOTIC: [8192] preg_replace(): The /e modifier is deprecated, use preg_replace_callback instead /webdata/ThinkPHP_3_1_3/Lib/Template/ThinkTemplate.class.php 第 404 行.
NOTIC: [8192] preg_replace(): The /e modifier is deprecated, use preg_replace_callback instead /webdata/ThinkPHP_3_1_3/Lib/Template/ThinkTemplate.class.php 第 404 行.
NOTIC: [8192] preg_replace(): The /e modifier is deprecated, use preg_replace_callback instead /webdata/ThinkPHP_3_1_3/Lib/Template/ThinkTemplate.class.php 第 404 行.
NOTIC: [8192] preg_replace(): The /e modifier is deprecated, use preg_replace_callback instead /webdata/ThinkPHP_3_1_3/Lib/Template/ThinkTemplate.class.php 第 404 行.
NOTIC: [8192] preg_replace(): The /e modifier is deprecated, use preg_replace_callback instead /webdata/ThinkPHP_3_1_3/Lib/Template/ThinkTemplate.class.php 第 404 行.
NOTIC: [8192] preg_replace(): The /e modifier is deprecated, use preg_replace_callback instead /webdata/ThinkPHP_3_1_3/Lib/Template/ThinkTemplate.class.php 第 404 行.
NOTIC: [8192] preg_replace(): The /e modifier is deprecated, use preg_replace_callback instead /webdata/ThinkPHP_3_1_3/Lib/Template/ThinkTemplate.class.php 第 404 行.
NOTIC: [8192] preg_replace(): The /e modifier is deprecated, use preg_replace_callback instead /webdata/ThinkPHP_3_1_3/Lib/Template/ThinkTemplate.class.php 第 404 行.
NOTIC: [8192] preg_replace(): The /e modifier is deprecated, use preg_replace_callback instead /webdata/ThinkPHP_3_1_3/Lib/Template/ThinkTemplate.class.php 第 404 行.
NOTIC: [8192] preg_replace(): The /e modifier is deprecated, use preg_replace_callback instead /webdata/ThinkPHP_3_1_3/Lib/Template/ThinkTemplate.class.php 第 404 行.
NOTIC: [8192] preg_replace(): The /e modifier is deprecated, use preg_replace_callback instead /webdata/ThinkPHP_3_1_3/Lib/Template/ThinkTemplate.class.php 第 404 行.
NOTIC: [8192] preg_replace(): The /e modifier is deprecated, use preg_replace_callback instead /webdata/ThinkPHP_3_1_3/Lib/Template/ThinkTemplate.class.php 第 404 行.
NOTIC: [8192] preg_replace(): The /e modifier is deprecated, use preg_replace_callback instead /webdata/ThinkPHP_3_1_3/Lib/Template/ThinkTemplate.class.php 第 404 行.
NOTIC: [8192] preg_replace(): The /e modifier is deprecated, use preg_replace_callback instead /webdata/ThinkPHP_3_1_3/Lib/Template/ThinkTemplate.class.php 第 404 行.
NOTIC: [8192] preg_replace(): The /e modifier is deprecated, use preg_replace_callback instead /webdata/ThinkPHP_3_1_3/Lib/Template/ThinkTemplate.class.php 第 404 行.
NOTIC: [8192] preg_replace(): The /e modifier is deprecated, use preg_replace_callback instead /webdata/ThinkPHP_3_1_3/Lib/Template/ThinkTemplate.class.php 第 404 行.
NOTIC: [8192] preg_replace(): The /e modifier is deprecated, use preg_replace_callback instead /webdata/ThinkPHP_3_1_3/Lib/Template/ThinkTemplate.class.php 第 404 行.
NOTIC: [8192] preg_replace(): The /e modifier is deprecated, use preg_replace_callback instead /webdata/ThinkPHP_3_1_3/Lib/Template/ThinkTemplate.class.php 第 404 行.
NOTIC: [8192] preg_replace(): The /e modifier is deprecated, use preg_replace_callback instead /webdata/ThinkPHP_3_1_3/Lib/Template/ThinkTemplate.class.php 第 404 行.
NOTIC: [8192] preg_replace(): The /e modifier is deprecated, use preg_replace_callback instead /webdata/ThinkPHP_3_1_3/Lib/Template/ThinkTemplate.class.php 第 404 行.
NOTIC: [8192] preg_replace(): The /e modifier is deprecated, use preg_replace_callback instead /webdata/ThinkPHP_3_1_3/Lib/Template/ThinkTemplate.class.php 第 404 行.
NOTIC: [8192] preg_replace(): The /e modifier is deprecated, use preg_replace_callback instead /webdata/ThinkPHP_3_1_3/Lib/Template/ThinkTemplate.class.php 第 404 行.
NOTIC: [8192] preg_replace(): The /e modifier is deprecated, use preg_replace_callback instead /webdata/ThinkPHP_3_1_3/Lib/Template/ThinkTemplate.class.php 第 404 行.
NOTIC: [8192] preg_replace(): The /e modifier is deprecated, use preg_replace_callback instead /webdata/ThinkPHP_3_1_3/Lib/Template/ThinkTemplate.class.php 第 404 行.
NOTIC: [8192] preg_replace(): The /e modifier is deprecated, use preg_replace_callback instead /webdata/ThinkPHP_3_1_3/Lib/Template/ThinkTemplate.class.php 第 404 行.
NOTIC: [8192] preg_replace(): The /e modifier is deprecated, use preg_replace_callback instead /webdata/ThinkPHP_3_1_3/Lib/Template/ThinkTemplate.class.php 第 404 行.
NOTIC: [8192] preg_replace(): The /e modifier is deprecated, use preg_replace_callback instead /webdata/ThinkPHP_3_1_3/Lib/Template/ThinkTemplate.class.php 第 404 行.
NOTIC: [8192] preg_replace(): The /e modifier is deprecated, use preg_replace_callback instead /webdata/ThinkPHP_3_1_3/Lib/Template/ThinkTemplate.class.php 第 404 行.
NOTIC: [8192] preg_replace(): The /e modifier is deprecated, use preg_replace_callback instead /webdata/ThinkPHP_3_1_3/Lib/Template/ThinkTemplate.class.php 第 404 行.
NOTIC: [8192] preg_replace(): The /e modifier is deprecated, use preg_replace_callback instead /webdata/ThinkPHP_3_1_3/Lib/Template/ThinkTemplate.class.php 第 404 行.
NOTIC: [8192] preg_replace(): The /e modifier is deprecated, use preg_replace_callback instead /webdata/ThinkPHP_3_1_3/Lib/Template/ThinkTemplate.class.php 第 404 行.
NOTIC: [8192] preg_replace(): The /e modifier is deprecated, use preg_replace_callback instead /webdata/ThinkPHP_3_1_3/Lib/Template/ThinkTemplate.class.php 第 404 行.
NOTIC: [8192] preg_replace(): The /e modifier is deprecated, use preg_replace_callback instead /webdata/ThinkPHP_3_1_3/Lib/Template/ThinkTemplate.class.php 第 404 行.
NOTIC: [8192] preg_replace(): The /e modifier is deprecated, use preg_replace_callback instead /webdata/ThinkPHP_3_1_3/Lib/Template/ThinkTemplate.class.php 第 404 行.
NOTIC: [8192] preg_replace(): The /e modifier is deprecated, use preg_replace_callback instead /webdata/ThinkPHP_3_1_3/Lib/Template/ThinkTemplate.class.php 第 404 行.
NOTIC: [8192] preg_replace(): The /e modifier is deprecated, use preg_replace_callback instead /webdata/ThinkPHP_3_1_3/Lib/Template/ThinkTemplate.class.php 第 404 行.
NOTIC: [8192] preg_replace(): The /e modifier is deprecated, use preg_replace_callback instead /webdata/ThinkPHP_3_1_3/Lib/Template/ThinkTemplate.class.php 第 404 行.
NOTIC: [8192] preg_replace(): The /e modifier is deprecated, use preg_replace_callback instead /webdata/ThinkPHP_3_1_3/Lib/Template/ThinkTemplate.class.php 第 404 行.
NOTIC: [8192] preg_replace(): The /e modifier is deprecated, use preg_replace_callback instead /webdata/ThinkPHP_3_1_3/Lib/Template/ThinkTemplate.class.php 第 404 行.
NOTIC: [8192] preg_replace(): The /e modifier is deprecated, use preg_replace_callback instead /webdata/ThinkPHP_3_1_3/Lib/Template/ThinkTemplate.class.php 第 404 行.
NOTIC: [8192] preg_replace(): The /e modifier is deprecated, use preg_replace_callback instead /webdata/ThinkPHP_3_1_3/Lib/Template/ThinkTemplate.class.php 第 404 行.
NOTIC: [8192] preg_replace(): The /e modifier is deprecated, use preg_replace_callback instead /webdata/ThinkPHP_3_1_3/Lib/Template/ThinkTemplate.class.php 第 404 行.
NOTIC: [8192] preg_replace(): The /e modifier is deprecated, use preg_replace_callback instead /webdata/ThinkPHP_3_1_3/Lib/Template/ThinkTemplate.class.php 第 404 行.
NOTIC: [8192] preg_replace(): The /e modifier is deprecated, use preg_replace_callback instead /webdata/ThinkPHP_3_1_3/Lib/Template/ThinkTemplate.class.php 第 404 行.
NOTIC: [8192] preg_replace(): The /e modifier is deprecated, use preg_replace_callback instead /webdata/ThinkPHP_3_1_3/Lib/Template/ThinkTemplate.class.php 第 404 行.
NOTIC: [8192] preg_replace(): The /e modifier is deprecated, use preg_replace_callback instead /webdata/ThinkPHP_3_1_3/Lib/Template/ThinkTemplate.class.php 第 399 行.
NOTIC: [8192] preg_replace(): The /e modifier is deprecated, use preg_replace_callback instead /webdata/ThinkPHP_3_1_3/Lib/Template/ThinkTemplate.class.php 第 399 行.
NOTIC: [8192] preg_replace(): The /e modifier is deprecated, use preg_replace_callback instead /webdata/ThinkPHP_3_1_3/Lib/Template/ThinkTemplate.class.php 第 399 行.
NOTIC: [8192] preg_replace(): The /e modifier is deprecated, use preg_replace_callback instead /webdata/ThinkPHP_3_1_3/Lib/Template/ThinkTemplate.class.php 第 399 行.
NOTIC: [8192] preg_replace(): The /e modifier is deprecated, use preg_replace_callback instead /webdata/ThinkPHP_3_1_3/Lib/Template/ThinkTemplate.class.php 第 399 行.
NOTIC: [8192] preg_replace(): The /e modifier is deprecated, use preg_replace_callback instead /webdata/ThinkPHP_3_1_3/Lib/Template/ThinkTemplate.class.php 第 399 行.
NOTIC: [8192] preg_replace(): The /e modifier is deprecated, use preg_replace_callback instead /webdata/ThinkPHP_3_1_3/Lib/Template/ThinkTemplate.class.php 第 404 行.
NOTIC: [8192] preg_replace(): The /e modifier is deprecated, use preg_replace_callback instead /webdata/ThinkPHP_3_1_3/Lib/Template/ThinkTemplate.class.php 第 404 行.
NOTIC: [8192] preg_replace(): The /e modifier is deprecated, use preg_replace_callback instead /webdata/ThinkPHP_3_1_3/Lib/Template/ThinkTemplate.class.php 第 404 行.
NOTIC: [8192] preg_replace(): The /e modifier is deprecated, use preg_replace_callback instead /webdata/ThinkPHP_3_1_3/Lib/Template/ThinkTemplate.class.php 第 197 行.
NOTIC: [8192] preg_replace(): The /e modifier is deprecated, use preg_replace_callback instead /webdata/ThinkPHP_3_1_3/Lib/Template/ThinkTemplate.class.php 第 137 行.
INFO: ParseTemplate Behavior ::run [ RunTime:0.008976s ]
INFO: [ view_parse ] --END-- [ RunTime:0.009031s ]
INFO: [ view_filter ] --START--
INFO: ContentReplace Behavior ::run [ RunTime:0.000201s ]
INFO: TokenBuild Behavior ::run [ RunTime:0.000195s ]
INFO: WriteHtmlCache Behavior ::run [ RunTime:0.000118s ]
INFO: ShowRuntime Behavior ::run [ RunTime:0.000285s ]
INFO: [ view_filter ] --END-- [ RunTime:0.000918s ]
INFO: [ view_end ] --START--
INFO: ShowPageTrace Behavior ::run [ RunTime:0.000459s ]
INFO: [ view_end ] --END-- [ RunTime:0.000506s ]

[ 2018-01-25T14:35:33+08:00 ] 120.197.4.213 /yiban/recruit/index__.php
INFO: [ app_begin ] --START--
INFO: ReadHtmlCache Behavior ::run [ RunTime:0.000401s ]
INFO: [ app_begin ] --END-- [ RunTime:0.000482s ]
INFO: [ view_parse ] --START--
NOTIC: [8192] preg_replace(): The /e modifier is deprecated, use preg_replace_callback instead /webdata/ThinkPHP_3_1_3/Lib/Template/ThinkTemplate.class.php 第 273 行.
NOTIC: [8192] preg_replace(): The /e modifier is deprecated, use preg_replace_callback instead /webdata/ThinkPHP_3_1_3/Lib/Template/ThinkTemplate.class.php 第 168 行.
NOTIC: [8192] preg_replace(): The /e modifier is deprecated, use preg_replace_callback instead /webdata/ThinkPHP_3_1_3/Lib/Template/ThinkTemplate.class.php 第 404 行.
NOTIC: [8192] preg_replace(): The /e modifier is deprecated, use preg_replace_callback instead /webdata/ThinkPHP_3_1_3/Lib/Template/ThinkTemplate.class.php 第 404 行.
NOTIC: [8192] preg_replace(): The /e modifier is deprecated, use preg_replace_callback instead /webdata/ThinkPHP_3_1_3/Lib/Template/ThinkTemplate.class.php 第 404 行.
NOTIC: [8192] preg_replace(): The /e modifier is deprecated, use preg_replace_callback instead /webdata/ThinkPHP_3_1_3/Lib/Template/ThinkTemplate.class.php 第 404 行.
NOTIC: [8192] preg_replace(): The /e modifier is deprecated, use preg_replace_callback instead /webdata/ThinkPHP_3_1_3/Lib/Template/ThinkTemplate.class.php 第 404 行.
NOTIC: [8192] preg_replace(): The /e modifier is deprecated, use preg_replace_callback instead /webdata/ThinkPHP_3_1_3/Lib/Template/ThinkTemplate.class.php 第 404 行.
NOTIC: [8192] preg_replace(): The /e modifier is deprecated, use preg_replace_callback instead /webdata/ThinkPHP_3_1_3/Lib/Template/ThinkTemplate.class.php 第 404 行.
NOTIC: [8192] preg_replace(): The /e modifier is deprecated, use preg_replace_callback instead /webdata/ThinkPHP_3_1_3/Lib/Template/ThinkTemplate.class.php 第 404 行.
NOTIC: [8192] preg_replace(): The /e modifier is deprecated, use preg_replace_callback instead /webdata/ThinkPHP_3_1_3/Lib/Template/ThinkTemplate.class.php 第 404 行.
NOTIC: [8192] preg_replace(): The /e modifier is deprecated, use preg_replace_callback instead /webdata/ThinkPHP_3_1_3/Lib/Template/ThinkTemplate.class.php 第 404 行.
NOTIC: [8192] preg_replace(): The /e modifier is deprecated, use preg_replace_callback instead /webdata/ThinkPHP_3_1_3/Lib/Template/ThinkTemplate.class.php 第 404 行.
NOTIC: [8192] preg_replace(): The /e modifier is deprecated, use preg_replace_callback instead /webdata/ThinkPHP_3_1_3/Lib/Template/ThinkTemplate.class.php 第 404 行.
NOTIC: [8192] preg_replace(): The /e modifier is deprecated, use preg_replace_callback instead /webdata/ThinkPHP_3_1_3/Lib/Template/ThinkTemplate.class.php 第 399 行.
NOTIC: [8192] preg_replace(): The /e modifier is deprecated, use preg_replace_callback instead /webdata/ThinkPHP_3_1_3/Lib/Template/ThinkTemplate.class.php 第 399 行.
NOTIC: [8192] preg_replace(): The /e modifier is deprecated, use preg_replace_callback instead /webdata/ThinkPHP_3_1_3/Lib/Template/ThinkTemplate.class.php 第 404 行.
NOTIC: [8192] preg_replace(): The /e modifier is deprecated, use preg_replace_callback instead /webdata/ThinkPHP_3_1_3/Lib/Template/ThinkTemplate.class.php 第 404 行.
NOTIC: [8192] preg_replace(): The /e modifier is deprecated, use preg_replace_callback instead /webdata/ThinkPHP_3_1_3/Lib/Template/ThinkTemplate.class.php 第 404 行.
NOTIC: [8192] preg_replace(): The /e modifier is deprecated, use preg_replace_callback instead /webdata/ThinkPHP_3_1_3/Lib/Template/ThinkTemplate.class.php 第 399 行.
NOTIC: [8192] preg_replace(): The /e modifier is deprecated, use preg_replace_callback instead /webdata/ThinkPHP_3_1_3/Lib/Template/ThinkTemplate.class.php 第 404 行.
NOTIC: [8192] preg_replace(): The /e modifier is deprecated, use preg_replace_callback instead /webdata/ThinkPHP_3_1_3/Lib/Template/ThinkTemplate.class.php 第 404 行.
NOTIC: [8192] preg_replace(): The /e modifier is deprecated, use preg_replace_callback instead /webdata/ThinkPHP_3_1_3/Lib/Template/ThinkTemplate.class.php 第 404 行.
NOTIC: [8192] preg_replace(): The /e modifier is deprecated, use preg_replace_callback instead /webdata/ThinkPHP_3_1_3/Lib/Template/ThinkTemplate.class.php 第 404 行.
NOTIC: [8192] preg_replace(): The /e modifier is deprecated, use preg_replace_callback instead /webdata/ThinkPHP_3_1_3/Lib/Template/ThinkTemplate.class.php 第 404 行.
NOTIC: [8192] preg_replace(): The /e modifier is deprecated, use preg_replace_callback instead /webdata/ThinkPHP_3_1_3/Lib/Template/ThinkTemplate.class.php 第 404 行.
NOTIC: [8192] preg_replace(): The /e modifier is deprecated, use preg_replace_callback instead /webdata/ThinkPHP_3_1_3/Lib/Template/ThinkTemplate.class.php 第 404 行.
NOTIC: [8192] preg_replace(): The /e modifier is deprecated, use preg_replace_callback instead /webdata/ThinkPHP_3_1_3/Lib/Template/ThinkTemplate.class.php 第 404 行.
NOTIC: [8192] preg_replace(): The /e modifier is deprecated, use preg_replace_callback instead /webdata/ThinkPHP_3_1_3/Lib/Template/ThinkTemplate.class.php 第 404 行.
NOTIC: [8192] preg_replace(): The /e modifier is deprecated, use preg_replace_callback instead /webdata/ThinkPHP_3_1_3/Lib/Template/ThinkTemplate.class.php 第 404 行.
NOTIC: [8192] preg_replace(): The /e modifier is deprecated, use preg_replace_callback instead /webdata/ThinkPHP_3_1_3/Lib/Template/ThinkTemplate.class.php 第 404 行.
NOTIC: [8192] preg_replace(): The /e modifier is deprecated, use preg_replace_callback instead /webdata/ThinkPHP_3_1_3/Lib/Template/ThinkTemplate.class.php 第 404 行.
NOTIC: [8192] preg_replace(): The /e modifier is deprecated, use preg_replace_callback instead /webdata/ThinkPHP_3_1_3/Lib/Template/ThinkTemplate.class.php 第 404 行.
NOTIC: [8192] preg_replace(): The /e modifier is deprecated, use preg_replace_callback instead /webdata/ThinkPHP_3_1_3/Lib/Template/ThinkTemplate.class.php 第 404 行.
NOTIC: [8192] preg_replace(): The /e modifier is deprecated, use preg_replace_callback instead /webdata/ThinkPHP_3_1_3/Lib/Template/ThinkTemplate.class.php 第 404 行.
NOTIC: [8192] preg_replace(): The /e modifier is deprecated, use preg_replace_callback instead /webdata/ThinkPHP_3_1_3/Lib/Template/ThinkTemplate.class.php 第 404 行.
NOTIC: [8192] preg_replace(): The /e modifier is deprecated, use preg_replace_callback instead /webdata/ThinkPHP_3_1_3/Lib/Template/ThinkTemplate.class.php 第 404 行.
NOTIC: [8192] preg_replace(): The /e modifier is deprecated, use preg_replace_callback instead /webdata/ThinkPHP_3_1_3/Lib/Template/ThinkTemplate.class.php 第 404 行.
NOTIC: [8192] preg_replace(): The /e modifier is deprecated, use preg_replace_callback instead /webdata/ThinkPHP_3_1_3/Lib/Template/ThinkTemplate.class.php 第 404 行.
NOTIC: [8192] preg_replace(): The /e modifier is deprecated, use preg_replace_callback instead /webdata/ThinkPHP_3_1_3/Lib/Template/ThinkTemplate.class.php 第 404 行.
NOTIC: [8192] preg_replace(): The /e modifier is deprecated, use preg_replace_callback instead /webdata/ThinkPHP_3_1_3/Lib/Template/ThinkTemplate.class.php 第 404 行.
NOTIC: [8192] preg_replace(): The /e modifier is deprecated, use preg_replace_callback instead /webdata/ThinkPHP_3_1_3/Lib/Template/ThinkTemplate.class.php 第 404 行.
NOTIC: [8192] preg_replace(): The /e modifier is deprecated, use preg_replace_callback instead /webdata/ThinkPHP_3_1_3/Lib/Template/ThinkTemplate.class.php 第 404 行.
NOTIC: [8192] preg_replace(): The /e modifier is deprecated, use preg_replace_callback instead /webdata/ThinkPHP_3_1_3/Lib/Template/ThinkTemplate.class.php 第 404 行.
NOTIC: [8192] preg_replace(): The /e modifier is deprecated, use preg_replace_callback instead /webdata/ThinkPHP_3_1_3/Lib/Template/ThinkTemplate.class.php 第 404 行.
NOTIC: [8192] preg_replace(): The /e modifier is deprecated, use preg_replace_callback instead /webdata/ThinkPHP_3_1_3/Lib/Template/ThinkTemplate.class.php 第 404 行.
NOTIC: [8192] preg_replace(): The /e modifier is deprecated, use preg_replace_callback instead /webdata/ThinkPHP_3_1_3/Lib/Template/ThinkTemplate.class.php 第 404 行.
NOTIC: [8192] preg_replace(): The /e modifier is deprecated, use preg_replace_callback instead /webdata/ThinkPHP_3_1_3/Lib/Template/ThinkTemplate.class.php 第 404 行.
NOTIC: [8192] preg_replace(): The /e modifier is deprecated, use preg_replace_callback instead /webdata/ThinkPHP_3_1_3/Lib/Template/ThinkTemplate.class.php 第 404 行.
NOTIC: [8192] preg_replace(): The /e modifier is deprecated, use preg_replace_callback instead /webdata/ThinkPHP_3_1_3/Lib/Template/ThinkTemplate.class.php 第 404 行.
NOTIC: [8192] preg_replace(): The /e modifier is deprecated, use preg_replace_callback instead /webdata/ThinkPHP_3_1_3/Lib/Template/ThinkTemplate.class.php 第 404 行.
NOTIC: [8192] preg_replace(): The /e modifier is deprecated, use preg_replace_callback instead /webdata/ThinkPHP_3_1_3/Lib/Template/ThinkTemplate.class.php 第 404 行.
NOTIC: [8192] preg_replace(): The /e modifier is deprecated, use preg_replace_callback instead /webdata/ThinkPHP_3_1_3/Lib/Template/ThinkTemplate.class.php 第 404 行.
NOTIC: [8192] preg_replace(): The /e modifier is deprecated, use preg_replace_callback instead /webdata/ThinkPHP_3_1_3/Lib/Template/ThinkTemplate.class.php 第 404 行.
NOTIC: [8192] preg_replace(): The /e modifier is deprecated, use preg_replace_callback instead /webdata/ThinkPHP_3_1_3/Lib/Template/ThinkTemplate.class.php 第 404 行.
NOTIC: [8192] preg_replace(): The /e modifier is deprecated, use preg_replace_callback instead /webdata/ThinkPHP_3_1_3/Lib/Template/ThinkTemplate.class.php 第 404 行.
NOTIC: [8192] preg_replace(): The /e modifier is deprecated, use preg_replace_callback instead /webdata/ThinkPHP_3_1_3/Lib/Template/ThinkTemplate.class.php 第 404 行.
NOTIC: [8192] preg_replace(): The /e modifier is deprecated, use preg_replace_callback instead /webdata/ThinkPHP_3_1_3/Lib/Template/ThinkTemplate.class.php 第 404 行.
NOTIC: [8192] preg_replace(): The /e modifier is deprecated, use preg_replace_callback instead /webdata/ThinkPHP_3_1_3/Lib/Template/ThinkTemplate.class.php 第 404 行.
NOTIC: [8192] preg_replace(): The /e modifier is deprecated, use preg_replace_callback instead /webdata/ThinkPHP_3_1_3/Lib/Template/ThinkTemplate.class.php 第 404 行.
NOTIC: [8192] preg_replace(): The /e modifier is deprecated, use preg_replace_callback instead /webdata/ThinkPHP_3_1_3/Lib/Template/ThinkTemplate.class.php 第 404 行.
NOTIC: [8192] preg_replace(): The /e modifier is deprecated, use preg_replace_callback instead /webdata/ThinkPHP_3_1_3/Lib/Template/ThinkTemplate.class.php 第 404 行.
NOTIC: [8192] preg_replace(): The /e modifier is deprecated, use preg_replace_callback instead /webdata/ThinkPHP_3_1_3/Lib/Template/ThinkTemplate.class.php 第 404 行.
NOTIC: [8192] preg_replace(): The /e modifier is deprecated, use preg_replace_callback instead /webdata/ThinkPHP_3_1_3/Lib/Template/ThinkTemplate.class.php 第 404 行.
NOTIC: [8192] preg_replace(): The /e modifier is deprecated, use preg_replace_callback instead /webdata/ThinkPHP_3_1_3/Lib/Template/ThinkTemplate.class.php 第 404 行.
NOTIC: [8192] preg_replace(): The /e modifier is deprecated, use preg_replace_callback instead /webdata/ThinkPHP_3_1_3/Lib/Template/ThinkTemplate.class.php 第 404 行.
NOTIC: [8192] preg_replace(): The /e modifier is deprecated, use preg_replace_callback instead /webdata/ThinkPHP_3_1_3/Lib/Template/ThinkTemplate.class.php 第 404 行.
NOTIC: [8192] preg_replace(): The /e modifier is deprecated, use preg_replace_callback instead /webdata/ThinkPHP_3_1_3/Lib/Template/ThinkTemplate.class.php 第 404 行.
NOTIC: [8192] preg_replace(): The /e modifier is deprecated, use preg_replace_callback instead /webdata/ThinkPHP_3_1_3/Lib/Template/ThinkTemplate.class.php 第 404 行.
NOTIC: [8192] preg_replace(): The /e modifier is deprecated, use preg_replace_callback instead /webdata/ThinkPHP_3_1_3/Lib/Template/ThinkTemplate.class.php 第 404 行.
NOTIC: [8192] preg_replace(): The /e modifier is deprecated, use preg_replace_callback instead /webdata/ThinkPHP_3_1_3/Lib/Template/ThinkTemplate.class.php 第 404 行.
NOTIC: [8192] preg_replace(): The /e modifier is deprecated, use preg_replace_callback instead /webdata/ThinkPHP_3_1_3/Lib/Template/ThinkTemplate.class.php 第 404 行.
NOTIC: [8192] preg_replace(): The /e modifier is deprecated, use preg_replace_callback instead /webdata/ThinkPHP_3_1_3/Lib/Template/ThinkTemplate.class.php 第 404 行.
NOTIC: [8192] preg_replace(): The /e modifier is deprecated, use preg_replace_callback instead /webdata/ThinkPHP_3_1_3/Lib/Template/ThinkTemplate.class.php 第 404 行.
NOTIC: [8192] preg_replace(): The /e modifier is deprecated, use preg_replace_callback instead /webdata/ThinkPHP_3_1_3/Lib/Template/ThinkTemplate.class.php 第 404 行.
NOTIC: [8192] preg_replace(): The /e modifier is deprecated, use preg_replace_callback instead /webdata/ThinkPHP_3_1_3/Lib/Template/ThinkTemplate.class.php 第 404 行.
NOTIC: [8192] preg_replace(): The /e modifier is deprecated, use preg_replace_callback instead /webdata/ThinkPHP_3_1_3/Lib/Template/ThinkTemplate.class.php 第 404 行.
NOTIC: [8192] preg_replace(): The /e modifier is deprecated, use preg_replace_callback instead /webdata/ThinkPHP_3_1_3/Lib/Template/ThinkTemplate.class.php 第 404 行.
NOTIC: [8192] preg_replace(): The /e modifier is deprecated, use preg_replace_callback instead /webdata/ThinkPHP_3_1_3/Lib/Template/ThinkTemplate.class.php 第 404 行.
NOTIC: [8192] preg_replace(): The /e modifier is deprecated, use preg_replace_callback instead /webdata/ThinkPHP_3_1_3/Lib/Template/ThinkTemplate.class.php 第 404 行.
NOTIC: [8192] preg_replace(): The /e modifier is deprecated, use preg_replace_callback instead /webdata/ThinkPHP_3_1_3/Lib/Template/ThinkTemplate.class.php 第 404 行.
NOTIC: [8192] preg_replace(): The /e modifier is deprecated, use preg_replace_callback instead /webdata/ThinkPHP_3_1_3/Lib/Template/ThinkTemplate.class.php 第 404 行.
NOTIC: [8192] preg_replace(): The /e modifier is deprecated, use preg_replace_callback instead /webdata/ThinkPHP_3_1_3/Lib/Template/ThinkTemplate.class.php 第 404 行.
NOTIC: [8192] preg_replace(): The /e modifier is deprecated, use preg_replace_callback instead /webdata/ThinkPHP_3_1_3/Lib/Template/ThinkTemplate.class.php 第 404 行.
NOTIC: [8192] preg_replace(): The /e modifier is deprecated, use preg_replace_callback instead /webdata/ThinkPHP_3_1_3/Lib/Template/ThinkTemplate.class.php 第 404 行.
NOTIC: [8192] preg_replace(): The /e modifier is deprecated, use preg_replace_callback instead /webdata/ThinkPHP_3_1_3/Lib/Template/ThinkTemplate.class.php 第 404 行.
NOTIC: [8192] preg_replace(): The /e modifier is deprecated, use preg_replace_callback instead /webdata/ThinkPHP_3_1_3/Lib/Template/ThinkTemplate.class.php 第 399 行.
NOTIC: [8192] preg_replace(): The /e modifier is deprecated, use preg_replace_callback instead /webdata/ThinkPHP_3_1_3/Lib/Template/ThinkTemplate.class.php 第 399 行.
NOTIC: [8192] preg_replace(): The /e modifier is deprecated, use preg_replace_callback instead /webdata/ThinkPHP_3_1_3/Lib/Template/ThinkTemplate.class.php 第 399 行.
NOTIC: [8192] preg_replace(): The /e modifier is deprecated, use preg_replace_callback instead /webdata/ThinkPHP_3_1_3/Lib/Template/ThinkTemplate.class.php 第 399 行.
NOTIC: [8192] preg_replace(): The /e modifier is deprecated, use preg_replace_callback instead /webdata/ThinkPHP_3_1_3/Lib/Template/ThinkTemplate.class.php 第 399 行.
NOTIC: [8192] preg_replace(): The /e modifier is deprecated, use preg_replace_callback instead /webdata/ThinkPHP_3_1_3/Lib/Template/ThinkTemplate.class.php 第 399 行.
NOTIC: [8192] preg_replace(): The /e modifier is deprecated, use preg_replace_callback instead /webdata/ThinkPHP_3_1_3/Lib/Template/ThinkTemplate.class.php 第 404 行.
NOTIC: [8192] preg_replace(): The /e modifier is deprecated, use preg_replace_callback instead /webdata/ThinkPHP_3_1_3/Lib/Template/ThinkTemplate.class.php 第 404 行.
NOTIC: [8192] preg_replace(): The /e modifier is deprecated, use preg_replace_callback instead /webdata/ThinkPHP_3_1_3/Lib/Template/ThinkTemplate.class.php 第 404 行.
NOTIC: [8192] preg_replace(): The /e modifier is deprecated, use preg_replace_callback instead /webdata/ThinkPHP_3_1_3/Lib/Template/ThinkTemplate.class.php 第 197 行.
NOTIC: [8192] preg_replace(): The /e modifier is deprecated, use preg_replace_callback instead /webdata/ThinkPHP_3_1_3/Lib/Template/ThinkTemplate.class.php 第 137 行.
INFO: ParseTemplate Behavior ::run [ RunTime:0.022360s ]
INFO: [ view_parse ] --END-- [ RunTime:0.022431s ]
INFO: [ view_filter ] --START--
INFO: ContentReplace Behavior ::run [ RunTime:0.000269s ]
INFO: TokenBuild Behavior ::run [ RunTime:0.000230s ]
INFO: WriteHtmlCache Behavior ::run [ RunTime:0.000163s ]
INFO: ShowRuntime Behavior ::run [ RunTime:0.000289s ]
INFO: [ view_filter ] --END-- [ RunTime:0.001110s ]
INFO: [ view_end ] --START--
INFO: ShowPageTrace Behavior ::run [ RunTime:0.000414s ]
INFO: [ view_end ] --END-- [ RunTime:0.000460s ]

[ 2018-01-25T14:35:36+08:00 ] 183.238.59.141 /yiban/recruit/index__.php
INFO: [ app_begin ] --START--
INFO: ReadHtmlCache Behavior ::run [ RunTime:0.000351s ]
INFO: [ app_begin ] --END-- [ RunTime:0.000422s ]
INFO: [ view_parse ] --START--
NOTIC: [8192] preg_replace(): The /e modifier is deprecated, use preg_replace_callback instead /webdata/ThinkPHP_3_1_3/Lib/Template/ThinkTemplate.class.php 第 273 行.
NOTIC: [8192] preg_replace(): The /e modifier is deprecated, use preg_replace_callback instead /webdata/ThinkPHP_3_1_3/Lib/Template/ThinkTemplate.class.php 第 168 行.
NOTIC: [8192] preg_replace(): The /e modifier is deprecated, use preg_replace_callback instead /webdata/ThinkPHP_3_1_3/Lib/Template/ThinkTemplate.class.php 第 404 行.
NOTIC: [8192] preg_replace(): The /e modifier is deprecated, use preg_replace_callback instead /webdata/ThinkPHP_3_1_3/Lib/Template/ThinkTemplate.class.php 第 404 行.
NOTIC: [8192] preg_replace(): The /e modifier is deprecated, use preg_replace_callback instead /webdata/ThinkPHP_3_1_3/Lib/Template/ThinkTemplate.class.php 第 404 行.
NOTIC: [8192] preg_replace(): The /e modifier is deprecated, use preg_replace_callback instead /webdata/ThinkPHP_3_1_3/Lib/Template/ThinkTemplate.class.php 第 404 行.
NOTIC: [8192] preg_replace(): The /e modifier is deprecated, use preg_replace_callback instead /webdata/ThinkPHP_3_1_3/Lib/Template/ThinkTemplate.class.php 第 404 行.
NOTIC: [8192] preg_replace(): The /e modifier is deprecated, use preg_replace_callback instead /webdata/ThinkPHP_3_1_3/Lib/Template/ThinkTemplate.class.php 第 404 行.
NOTIC: [8192] preg_replace(): The /e modifier is deprecated, use preg_replace_callback instead /webdata/ThinkPHP_3_1_3/Lib/Template/ThinkTemplate.class.php 第 404 行.
NOTIC: [8192] preg_replace(): The /e modifier is deprecated, use preg_replace_callback instead /webdata/ThinkPHP_3_1_3/Lib/Template/ThinkTemplate.class.php 第 404 行.
NOTIC: [8192] preg_replace(): The /e modifier is deprecated, use preg_replace_callback instead /webdata/ThinkPHP_3_1_3/Lib/Template/ThinkTemplate.class.php 第 404 行.
NOTIC: [8192] preg_replace(): The /e modifier is deprecated, use preg_replace_callback instead /webdata/ThinkPHP_3_1_3/Lib/Template/ThinkTemplate.class.php 第 404 行.
NOTIC: [8192] preg_replace(): The /e modifier is deprecated, use preg_replace_callback instead /webdata/ThinkPHP_3_1_3/Lib/Template/ThinkTemplate.class.php 第 404 行.
NOTIC: [8192] preg_replace(): The /e modifier is deprecated, use preg_replace_callback instead /webdata/ThinkPHP_3_1_3/Lib/Template/ThinkTemplate.class.php 第 404 行.
NOTIC: [8192] preg_replace(): The /e modifier is deprecated, use preg_replace_callback instead /webdata/ThinkPHP_3_1_3/Lib/Template/ThinkTemplate.class.php 第 399 行.
NOTIC: [8192] preg_replace(): The /e modifier is deprecated, use preg_replace_callback instead /webdata/ThinkPHP_3_1_3/Lib/Template/ThinkTemplate.class.php 第 399 行.
NOTIC: [8192] preg_replace(): The /e modifier is deprecated, use preg_replace_callback instead /webdata/ThinkPHP_3_1_3/Lib/Template/ThinkTemplate.class.php 第 404 行.
NOTIC: [8192] preg_replace(): The /e modifier is deprecated, use preg_replace_callback instead /webdata/ThinkPHP_3_1_3/Lib/Template/ThinkTemplate.class.php 第 404 行.
NOTIC: [8192] preg_replace(): The /e modifier is deprecated, use preg_replace_callback instead /webdata/ThinkPHP_3_1_3/Lib/Template/ThinkTemplate.class.php 第 404 行.
NOTIC: [8192] preg_replace(): The /e modifier is deprecated, use preg_replace_callback instead /webdata/ThinkPHP_3_1_3/Lib/Template/ThinkTemplate.class.php 第 399 行.
NOTIC: [8192] preg_replace(): The /e modifier is deprecated, use preg_replace_callback instead /webdata/ThinkPHP_3_1_3/Lib/Template/ThinkTemplate.class.php 第 404 行.
NOTIC: [8192] preg_replace(): The /e modifier is deprecated, use preg_replace_callback instead /webdata/ThinkPHP_3_1_3/Lib/Template/ThinkTemplate.class.php 第 404 行.
NOTIC: [8192] preg_replace(): The /e modifier is deprecated, use preg_replace_callback instead /webdata/ThinkPHP_3_1_3/Lib/Template/ThinkTemplate.class.php 第 404 行.
NOTIC: [8192] preg_replace(): The /e modifier is deprecated, use preg_replace_callback instead /webdata/ThinkPHP_3_1_3/Lib/Template/ThinkTemplate.class.php 第 404 行.
NOTIC: [8192] preg_replace(): The /e modifier is deprecated, use preg_replace_callback instead /webdata/ThinkPHP_3_1_3/Lib/Template/ThinkTemplate.class.php 第 404 行.
NOTIC: [8192] preg_replace(): The /e modifier is deprecated, use preg_replace_callback instead /webdata/ThinkPHP_3_1_3/Lib/Template/ThinkTemplate.class.php 第 404 行.
NOTIC: [8192] preg_replace(): The /e modifier is deprecated, use preg_replace_callback instead /webdata/ThinkPHP_3_1_3/Lib/Template/ThinkTemplate.class.php 第 404 行.
NOTIC: [8192] preg_replace(): The /e modifier is deprecated, use preg_replace_callback instead /webdata/ThinkPHP_3_1_3/Lib/Template/ThinkTemplate.class.php 第 404 行.
NOTIC: [8192] preg_replace(): The /e modifier is deprecated, use preg_replace_callback instead /webdata/ThinkPHP_3_1_3/Lib/Template/ThinkTemplate.class.php 第 404 行.
NOTIC: [8192] preg_replace(): The /e modifier is deprecated, use preg_replace_callback instead /webdata/ThinkPHP_3_1_3/Lib/Template/ThinkTemplate.class.php 第 404 行.
NOTIC: [8192] preg_replace(): The /e modifier is deprecated, use preg_replace_callback instead /webdata/ThinkPHP_3_1_3/Lib/Template/ThinkTemplate.class.php 第 404 行.
NOTIC: [8192] preg_replace(): The /e modifier is deprecated, use preg_replace_callback instead /webdata/ThinkPHP_3_1_3/Lib/Template/ThinkTemplate.class.php 第 404 行.
NOTIC: [8192] preg_replace(): The /e modifier is deprecated, use preg_replace_callback instead /webdata/ThinkPHP_3_1_3/Lib/Template/ThinkTemplate.class.php 第 404 行.
NOTIC: [8192] preg_replace(): The /e modifier is deprecated, use preg_replace_callback instead /webdata/ThinkPHP_3_1_3/Lib/Template/ThinkTemplate.class.php 第 404 行.
NOTIC: [8192] preg_replace(): The /e modifier is deprecated, use preg_replace_callback instead /webdata/ThinkPHP_3_1_3/Lib/Template/ThinkTemplate.class.php 第 404 行.
NOTIC: [8192] preg_replace(): The /e modifier is deprecated, use preg_replace_callback instead /webdata/ThinkPHP_3_1_3/Lib/Template/ThinkTemplate.class.php 第 404 行.
NOTIC: [8192] preg_replace(): The /e modifier is deprecated, use preg_replace_callback instead /webdata/ThinkPHP_3_1_3/Lib/Template/ThinkTemplate.class.php 第 404 行.
NOTIC: [8192] preg_replace(): The /e modifier is deprecated, use preg_replace_callback instead /webdata/ThinkPHP_3_1_3/Lib/Template/ThinkTemplate.class.php 第 404 行.
NOTIC: [8192] preg_replace(): The /e modifier is deprecated, use preg_replace_callback instead /webdata/ThinkPHP_3_1_3/Lib/Template/ThinkTemplate.class.php 第 404 行.
NOTIC: [8192] preg_replace(): The /e modifier is deprecated, use preg_replace_callback instead /webdata/ThinkPHP_3_1_3/Lib/Template/ThinkTemplate.class.php 第 404 行.
NOTIC: [8192] preg_replace(): The /e modifier is deprecated, use preg_replace_callback instead /webdata/ThinkPHP_3_1_3/Lib/Template/ThinkTemplate.class.php 第 404 行.
NOTIC: [8192] preg_replace(): The /e modifier is deprecated, use preg_replace_callback instead /webdata/ThinkPHP_3_1_3/Lib/Template/ThinkTemplate.class.php 第 404 行.
NOTIC: [8192] preg_replace(): The /e modifier is deprecated, use preg_replace_callback instead /webdata/ThinkPHP_3_1_3/Lib/Template/ThinkTemplate.class.php 第 404 行.
NOTIC: [8192] preg_replace(): The /e modifier is deprecated, use preg_replace_callback instead /webdata/ThinkPHP_3_1_3/Lib/Template/ThinkTemplate.class.php 第 404 行.
NOTIC: [8192] preg_replace(): The /e modifier is deprecated, use preg_replace_callback instead /webdata/ThinkPHP_3_1_3/Lib/Template/ThinkTemplate.class.php 第 404 行.
NOTIC: [8192] preg_replace(): The /e modifier is deprecated, use preg_replace_callback instead /webdata/ThinkPHP_3_1_3/Lib/Template/ThinkTemplate.class.php 第 404 行.
NOTIC: [8192] preg_replace(): The /e modifier is deprecated, use preg_replace_callback instead /webdata/ThinkPHP_3_1_3/Lib/Template/ThinkTemplate.class.php 第 404 行.
NOTIC: [8192] preg_replace(): The /e modifier is deprecated, use preg_replace_callback instead /webdata/ThinkPHP_3_1_3/Lib/Template/ThinkTemplate.class.php 第 404 行.
NOTIC: [8192] preg_replace(): The /e modifier is deprecated, use preg_replace_callback instead /webdata/ThinkPHP_3_1_3/Lib/Template/ThinkTemplate.class.php 第 404 行.
NOTIC: [8192] preg_replace(): The /e modifier is deprecated, use preg_replace_callback instead /webdata/ThinkPHP_3_1_3/Lib/Template/ThinkTemplate.class.php 第 404 行.
NOTIC: [8192] preg_replace(): The /e modifier is deprecated, use preg_replace_callback instead /webdata/ThinkPHP_3_1_3/Lib/Template/ThinkTemplate.class.php 第 404 行.
NOTIC: [8192] preg_replace(): The /e modifier is deprecated, use preg_replace_callback instead /webdata/ThinkPHP_3_1_3/Lib/Template/ThinkTemplate.class.php 第 404 行.
NOTIC: [8192] preg_replace(): The /e modifier is deprecated, use preg_replace_callback instead /webdata/ThinkPHP_3_1_3/Lib/Template/ThinkTemplate.class.php 第 404 行.
NOTIC: [8192] preg_replace(): The /e modifier is deprecated, use preg_replace_callback instead /webdata/ThinkPHP_3_1_3/Lib/Template/ThinkTemplate.class.php 第 404 行.
NOTIC: [8192] preg_replace(): The /e modifier is deprecated, use preg_replace_callback instead /webdata/ThinkPHP_3_1_3/Lib/Template/ThinkTemplate.class.php 第 404 行.
NOTIC: [8192] preg_replace(): The /e modifier is deprecated, use preg_replace_callback instead /webdata/ThinkPHP_3_1_3/Lib/Template/ThinkTemplate.class.php 第 404 行.
NOTIC: [8192] preg_replace(): The /e modifier is deprecated, use preg_replace_callback instead /webdata/ThinkPHP_3_1_3/Lib/Template/ThinkTemplate.class.php 第 404 行.
NOTIC: [8192] preg_replace(): The /e modifier is deprecated, use preg_replace_callback instead /webdata/ThinkPHP_3_1_3/Lib/Template/ThinkTemplate.class.php 第 404 行.
NOTIC: [8192] preg_replace(): The /e modifier is deprecated, use preg_replace_callback instead /webdata/ThinkPHP_3_1_3/Lib/Template/ThinkTemplate.class.php 第 404 行.
NOTIC: [8192] preg_replace(): The /e modifier is deprecated, use preg_replace_callback instead /webdata/ThinkPHP_3_1_3/Lib/Template/ThinkTemplate.class.php 第 404 行.
NOTIC: [8192] preg_replace(): The /e modifier is deprecated, use preg_replace_callback instead /webdata/ThinkPHP_3_1_3/Lib/Template/ThinkTemplate.class.php 第 404 行.
NOTIC: [8192] preg_replace(): The /e modifier is deprecated, use preg_replace_callback instead /webdata/ThinkPHP_3_1_3/Lib/Template/ThinkTemplate.class.php 第 404 行.
NOTIC: [8192] preg_replace(): The /e modifier is deprecated, use preg_replace_callback instead /webdata/ThinkPHP_3_1_3/Lib/Template/ThinkTemplate.class.php 第 404 行.
NOTIC: [8192] preg_replace(): The /e modifier is deprecated, use preg_replace_callback instead /webdata/ThinkPHP_3_1_3/Lib/Template/ThinkTemplate.class.php 第 404 行.
NOTIC: [8192] preg_replace(): The /e modifier is deprecated, use preg_replace_callback instead /webdata/ThinkPHP_3_1_3/Lib/Template/ThinkTemplate.class.php 第 404 行.
NOTIC: [8192] preg_replace(): The /e modifier is deprecated, use preg_replace_callback instead /webdata/ThinkPHP_3_1_3/Lib/Template/ThinkTemplate.class.php 第 404 行.
NOTIC: [8192] preg_replace(): The /e modifier is deprecated, use preg_replace_callback instead /webdata/ThinkPHP_3_1_3/Lib/Template/ThinkTemplate.class.php 第 404 行.
NOTIC: [8192] preg_replace(): The /e modifier is deprecated, use preg_replace_callback instead /webdata/ThinkPHP_3_1_3/Lib/Template/ThinkTemplate.class.php 第 404 行.
NOTIC: [8192] preg_replace(): The /e modifier is deprecated, use preg_replace_callback instead /webdata/ThinkPHP_3_1_3/Lib/Template/ThinkTemplate.class.php 第 404 行.
NOTIC: [8192] preg_replace(): The /e modifier is deprecated, use preg_replace_callback instead /webdata/ThinkPHP_3_1_3/Lib/Template/ThinkTemplate.class.php 第 404 行.
NOTIC: [8192] preg_replace(): The /e modifier is deprecated, use preg_replace_callback instead /webdata/ThinkPHP_3_1_3/Lib/Template/ThinkTemplate.class.php 第 404 行.
NOTIC: [8192] preg_replace(): The /e modifier is deprecated, use preg_replace_callback instead /webdata/ThinkPHP_3_1_3/Lib/Template/ThinkTemplate.class.php 第 404 行.
NOTIC: [8192] preg_replace(): The /e modifier is deprecated, use preg_replace_callback instead /webdata/ThinkPHP_3_1_3/Lib/Template/ThinkTemplate.class.php 第 404 行.
NOTIC: [8192] preg_replace(): The /e modifier is deprecated, use preg_replace_callback instead /webdata/ThinkPHP_3_1_3/Lib/Template/ThinkTemplate.class.php 第 404 行.
NOTIC: [8192] preg_replace(): The /e modifier is deprecated, use preg_replace_callback instead /webdata/ThinkPHP_3_1_3/Lib/Template/ThinkTemplate.class.php 第 404 行.
NOTIC: [8192] preg_replace(): The /e modifier is deprecated, use preg_replace_callback instead /webdata/ThinkPHP_3_1_3/Lib/Template/ThinkTemplate.class.php 第 404 行.
NOTIC: [8192] preg_replace(): The /e modifier is deprecated, use preg_replace_callback instead /webdata/ThinkPHP_3_1_3/Lib/Template/ThinkTemplate.class.php 第 404 行.
NOTIC: [8192] preg_replace(): The /e modifier is deprecated, use preg_replace_callback instead /webdata/ThinkPHP_3_1_3/Lib/Template/ThinkTemplate.class.php 第 404 行.
NOTIC: [8192] preg_replace(): The /e modifier is deprecated, use preg_replace_callback instead /webdata/ThinkPHP_3_1_3/Lib/Template/ThinkTemplate.class.php 第 404 行.
NOTIC: [8192] preg_replace(): The /e modifier is deprecated, use preg_replace_callback instead /webdata/ThinkPHP_3_1_3/Lib/Template/ThinkTemplate.class.php 第 404 行.
NOTIC: [8192] preg_replace(): The /e modifier is deprecated, use preg_replace_callback instead /webdata/ThinkPHP_3_1_3/Lib/Template/ThinkTemplate.class.php 第 404 行.
NOTIC: [8192] preg_replace(): The /e modifier is deprecated, use preg_replace_callback instead /webdata/ThinkPHP_3_1_3/Lib/Template/ThinkTemplate.class.php 第 404 行.
NOTIC: [8192] preg_replace(): The /e modifier is deprecated, use preg_replace_callback instead /webdata/ThinkPHP_3_1_3/Lib/Template/ThinkTemplate.class.php 第 404 行.
NOTIC: [8192] preg_replace(): The /e modifier is deprecated, use preg_replace_callback instead /webdata/ThinkPHP_3_1_3/Lib/Template/ThinkTemplate.class.php 第 404 行.
NOTIC: [8192] preg_replace(): The /e modifier is deprecated, use preg_replace_callback instead /webdata/ThinkPHP_3_1_3/Lib/Template/ThinkTemplate.class.php 第 404 行.
NOTIC: [8192] preg_replace(): The /e modifier is deprecated, use preg_replace_callback instead /webdata/ThinkPHP_3_1_3/Lib/Template/ThinkTemplate.class.php 第 404 行.
NOTIC: [8192] preg_replace(): The /e modifier is deprecated, use preg_replace_callback instead /webdata/ThinkPHP_3_1_3/Lib/Template/ThinkTemplate.class.php 第 399 行.
NOTIC: [8192] preg_replace(): The /e modifier is deprecated, use preg_replace_callback instead /webdata/ThinkPHP_3_1_3/Lib/Template/ThinkTemplate.class.php 第 399 行.
NOTIC: [8192] preg_replace(): The /e modifier is deprecated, use preg_replace_callback instead /webdata/ThinkPHP_3_1_3/Lib/Template/ThinkTemplate.class.php 第 399 行.
NOTIC: [8192] preg_replace(): The /e modifier is deprecated, use preg_replace_callback instead /webdata/ThinkPHP_3_1_3/Lib/Template/ThinkTemplate.class.php 第 399 行.
NOTIC: [8192] preg_replace(): The /e modifier is deprecated, use preg_replace_callback instead /webdata/ThinkPHP_3_1_3/Lib/Template/ThinkTemplate.class.php 第 399 行.
NOTIC: [8192] preg_replace(): The /e modifier is deprecated, use preg_replace_callback instead /webdata/ThinkPHP_3_1_3/Lib/Template/ThinkTemplate.class.php 第 399 行.
NOTIC: [8192] preg_replace(): The /e modifier is deprecated, use preg_replace_callback instead /webdata/ThinkPHP_3_1_3/Lib/Template/ThinkTemplate.class.php 第 404 行.
NOTIC: [8192] preg_replace(): The /e modifier is deprecated, use preg_replace_callback instead /webdata/ThinkPHP_3_1_3/Lib/Template/ThinkTemplate.class.php 第 404 行.
NOTIC: [8192] preg_replace(): The /e modifier is deprecated, use preg_replace_callback instead /webdata/ThinkPHP_3_1_3/Lib/Template/ThinkTemplate.class.php 第 404 行.
NOTIC: [8192] preg_replace(): The /e modifier is deprecated, use preg_replace_callback instead /webdata/ThinkPHP_3_1_3/Lib/Template/ThinkTemplate.class.php 第 197 行.
NOTIC: [8192] preg_replace(): The /e modifier is deprecated, use preg_replace_callback instead /webdata/ThinkPHP_3_1_3/Lib/Template/ThinkTemplate.class.php 第 137 行.
INFO: ParseTemplate Behavior ::run [ RunTime:0.009459s ]
INFO: [ view_parse ] --END-- [ RunTime:0.009542s ]
INFO: [ view_filter ] --START--
INFO: ContentReplace Behavior ::run [ RunTime:0.000216s ]
INFO: TokenBuild Behavior ::run [ RunTime:0.000204s ]
INFO: WriteHtmlCache Behavior ::run [ RunTime:0.000119s ]
INFO: ShowRuntime Behavior ::run [ RunTime:0.000267s ]
INFO: [ view_filter ] --END-- [ RunTime:0.001059s ]
INFO: [ view_end ] --START--
INFO: ShowPageTrace Behavior ::run [ RunTime:0.000412s ]
INFO: [ view_end ] --END-- [ RunTime:0.000460s ]

